<?xml version="1.0" encoding="utf-8"?>
<CoverageSession xmlns:xsd="http://www.w3.org/2001/XMLSchema" xmlns:xsi="http://www.w3.org/2001/XMLSchema-instance" Version="4.7.922.0">
  <Summary numSequencePoints="655" visitedSequencePoints="93" numBranchPoints="185" visitedBranchPoints="33" sequenceCoverage="14.20" branchCoverage="17.84" maxCyclomaticComplexity="17" minCyclomaticComplexity="1" maxCrapScore="306" minCrapScore="1" visitedClasses="6" numClasses="15" visitedMethods="16" numMethods="55" />
  <Modules>
    <Module hash="1D-CE-F4-EB-5E-50-8C-5E-B6-1D-D6-F4-D0-50-46-4F-57-74-8E-C1">
      <Summary numSequencePoints="44" visitedSequencePoints="44" numBranchPoints="11" visitedBranchPoints="11" sequenceCoverage="100" branchCoverage="100" maxCyclomaticComplexity="1" minCyclomaticComplexity="1" maxCrapScore="1" minCrapScore="1" visitedClasses="4" numClasses="4" visitedMethods="11" numMethods="11" />
      <ModulePath>C:\Users\pedro\source\repos\ControleDeTarefas.ConsoleApp\ControleDeTarefas.Tests\bin\Debug\fine-code-coverage\build-output\ControleDeTarefas.Tests.dll</ModulePath>
      <ModuleTime>2021-06-22T14:38:52.4389647Z</ModuleTime>
      <ModuleName>ControleDeTarefas.Tests</ModuleName>
      <Files>
        <File uid="1" fullPath="C:\Users\pedro\source\repos\ControleDeTarefas.ConsoleApp\ControleDeTarefas.Tests\ContatoTests.cs" />
        <File uid="2" fullPath="C:\Users\pedro\source\repos\ControleDeTarefas.ConsoleApp\ControleDeTarefas.Tests\TarefaTests.cs" />
        <File uid="3" fullPath="C:\Users\pedro\source\repos\ControleDeTarefas.ConsoleApp\ControleDeTarefas.Tests\ContatoInvalidoTests.cs" />
        <File uid="4" fullPath="C:\Users\pedro\source\repos\ControleDeTarefas.ConsoleApp\ControleDeTarefas.Tests\UnitTest1.cs" />
      </Files>
      <Classes>
        <Class>
          <Summary numSequencePoints="8" visitedSequencePoints="8" numBranchPoints="2" visitedBranchPoints="2" sequenceCoverage="100" branchCoverage="100" maxCyclomaticComplexity="1" minCyclomaticComplexity="1" maxCrapScore="1" minCrapScore="1" visitedClasses="1" numClasses="1" visitedMethods="2" numMethods="2" />
          <FullName>ControleDeTarefas.Tests.ContatoTests</FullName>
          <Methods>
            <Method visited="true" cyclomaticComplexity="1" nPathComplexity="0" sequenceCoverage="100" branchCoverage="100" crapScore="1" isConstructor="true" isStatic="false" isGetter="false" isSetter="false">
              <Summary numSequencePoints="5" visitedSequencePoints="5" numBranchPoints="1" visitedBranchPoints="1" sequenceCoverage="100" branchCoverage="100" maxCyclomaticComplexity="1" minCyclomaticComplexity="1" maxCrapScore="1" minCrapScore="1" visitedClasses="0" numClasses="0" visitedMethods="1" numMethods="1" />
              <MetadataToken>100663297</MetadataToken>
              <Name>System.Void ControleDeTarefas.Tests.ContatoTests::.ctor()</Name>
              <FileRef uid="1" />
              <SequencePoints>
                <SequencePoint vc="1" uspid="1" ordinal="0" offset="0" sl="12" sc="9" el="12" ec="30" bec="0" bev="0" fileid="1" />
                <SequencePoint vc="1" uspid="2" ordinal="1" offset="7" sl="13" sc="9" el="13" ec="10" bec="0" bev="0" fileid="1" />
                <SequencePoint vc="1" uspid="3" ordinal="2" offset="8" sl="14" sc="13" el="14" ec="52" bec="0" bev="0" fileid="1" />
                <SequencePoint vc="1" uspid="4" ordinal="3" offset="19" sl="15" sc="13" el="15" ec="108" bec="0" bev="0" fileid="1" />
                <SequencePoint vc="1" uspid="5" ordinal="4" offset="55" sl="16" sc="9" el="16" ec="10" bec="0" bev="0" fileid="1" />
              </SequencePoints>
              <BranchPoints />
              <MethodPoint xsi:type="SequencePoint" vc="1" uspid="1" ordinal="0" offset="0" sl="12" sc="9" el="12" ec="30" bec="0" bev="0" fileid="1" />
            </Method>
            <Method visited="true" cyclomaticComplexity="1" nPathComplexity="0" sequenceCoverage="100" branchCoverage="100" crapScore="1" isConstructor="false" isStatic="false" isGetter="false" isSetter="false">
              <Summary numSequencePoints="3" visitedSequencePoints="3" numBranchPoints="1" visitedBranchPoints="1" sequenceCoverage="100" branchCoverage="100" maxCyclomaticComplexity="1" minCyclomaticComplexity="1" maxCrapScore="1" minCrapScore="1" visitedClasses="0" numClasses="0" visitedMethods="1" numMethods="1" />
              <MetadataToken>100663298</MetadataToken>
              <Name>System.Void ControleDeTarefas.Tests.ContatoTests::DeveValidarContato()</Name>
              <FileRef uid="1" />
              <SequencePoints>
                <SequencePoint vc="1" uspid="6" ordinal="0" offset="0" sl="20" sc="9" el="20" ec="10" bec="0" bev="0" fileid="1" />
                <SequencePoint vc="1" uspid="7" ordinal="1" offset="1" sl="21" sc="13" el="21" ec="62" bec="0" bev="0" fileid="1" />
                <SequencePoint vc="1" uspid="8" ordinal="2" offset="23" sl="22" sc="9" el="22" ec="10" bec="0" bev="0" fileid="1" />
              </SequencePoints>
              <BranchPoints />
              <MethodPoint xsi:type="SequencePoint" vc="1" uspid="6" ordinal="0" offset="0" sl="20" sc="9" el="20" ec="10" bec="0" bev="0" fileid="1" />
            </Method>
          </Methods>
        </Class>
        <Class>
          <Summary numSequencePoints="8" visitedSequencePoints="8" numBranchPoints="2" visitedBranchPoints="2" sequenceCoverage="100" branchCoverage="100" maxCyclomaticComplexity="1" minCyclomaticComplexity="1" maxCrapScore="1" minCrapScore="1" visitedClasses="1" numClasses="1" visitedMethods="2" numMethods="2" />
          <FullName>ControleDeTarefas.Tests.TarefaTests</FullName>
          <Methods>
            <Method visited="true" cyclomaticComplexity="1" nPathComplexity="0" sequenceCoverage="100" branchCoverage="100" crapScore="1" isConstructor="true" isStatic="false" isGetter="false" isSetter="false">
              <Summary numSequencePoints="5" visitedSequencePoints="5" numBranchPoints="1" visitedBranchPoints="1" sequenceCoverage="100" branchCoverage="100" maxCyclomaticComplexity="1" minCyclomaticComplexity="1" maxCrapScore="1" minCrapScore="1" visitedClasses="0" numClasses="0" visitedMethods="1" numMethods="1" />
              <MetadataToken>100663299</MetadataToken>
              <Name>System.Void ControleDeTarefas.Tests.TarefaTests::.ctor()</Name>
              <FileRef uid="2" />
              <SequencePoints>
                <SequencePoint vc="1" uspid="9" ordinal="0" offset="0" sl="11" sc="9" el="11" ec="29" bec="0" bev="0" fileid="2" />
                <SequencePoint vc="1" uspid="10" ordinal="1" offset="7" sl="12" sc="9" el="12" ec="10" bec="0" bev="0" fileid="2" />
                <SequencePoint vc="1" uspid="11" ordinal="2" offset="8" sl="13" sc="13" el="13" ec="51" bec="0" bev="0" fileid="2" />
                <SequencePoint vc="1" uspid="12" ordinal="3" offset="19" sl="14" sc="13" el="14" ec="70" bec="0" bev="0" fileid="2" />
                <SequencePoint vc="1" uspid="13" ordinal="4" offset="48" sl="15" sc="9" el="15" ec="10" bec="0" bev="0" fileid="2" />
              </SequencePoints>
              <BranchPoints />
              <MethodPoint xsi:type="SequencePoint" vc="1" uspid="9" ordinal="0" offset="0" sl="11" sc="9" el="11" ec="29" bec="0" bev="0" fileid="2" />
            </Method>
            <Method visited="true" cyclomaticComplexity="1" nPathComplexity="0" sequenceCoverage="100" branchCoverage="100" crapScore="1" isConstructor="false" isStatic="false" isGetter="false" isSetter="false">
              <Summary numSequencePoints="3" visitedSequencePoints="3" numBranchPoints="1" visitedBranchPoints="1" sequenceCoverage="100" branchCoverage="100" maxCyclomaticComplexity="1" minCyclomaticComplexity="1" maxCrapScore="1" minCrapScore="1" visitedClasses="0" numClasses="0" visitedMethods="1" numMethods="1" />
              <MetadataToken>100663300</MetadataToken>
              <Name>System.Void ControleDeTarefas.Tests.TarefaTests::DeveValidarTarefa()</Name>
              <FileRef uid="2" />
              <SequencePoints>
                <SequencePoint vc="1" uspid="14" ordinal="0" offset="0" sl="19" sc="9" el="19" ec="10" bec="0" bev="0" fileid="2" />
                <SequencePoint vc="1" uspid="15" ordinal="1" offset="1" sl="20" sc="13" el="20" ec="62" bec="0" bev="0" fileid="2" />
                <SequencePoint vc="1" uspid="16" ordinal="2" offset="23" sl="21" sc="9" el="21" ec="10" bec="0" bev="0" fileid="2" />
              </SequencePoints>
              <BranchPoints />
              <MethodPoint xsi:type="SequencePoint" vc="1" uspid="14" ordinal="0" offset="0" sl="19" sc="9" el="19" ec="10" bec="0" bev="0" fileid="2" />
            </Method>
          </Methods>
        </Class>
        <Class>
          <Summary numSequencePoints="16" visitedSequencePoints="16" numBranchPoints="4" visitedBranchPoints="4" sequenceCoverage="100" branchCoverage="100" maxCyclomaticComplexity="1" minCyclomaticComplexity="1" maxCrapScore="1" minCrapScore="1" visitedClasses="1" numClasses="1" visitedMethods="4" numMethods="4" />
          <FullName>ControleDeTarefas.Tests.ContatoInvalidoTests</FullName>
          <Methods>
            <Method visited="true" cyclomaticComplexity="1" nPathComplexity="0" sequenceCoverage="100" branchCoverage="100" crapScore="1" isConstructor="true" isStatic="false" isGetter="false" isSetter="false">
              <Summary numSequencePoints="5" visitedSequencePoints="5" numBranchPoints="1" visitedBranchPoints="1" sequenceCoverage="100" branchCoverage="100" maxCyclomaticComplexity="1" minCyclomaticComplexity="1" maxCrapScore="1" minCrapScore="1" visitedClasses="0" numClasses="0" visitedMethods="1" numMethods="1" />
              <MetadataToken>100663301</MetadataToken>
              <Name>System.Void ControleDeTarefas.Tests.ContatoInvalidoTests::.ctor()</Name>
              <FileRef uid="3" />
              <SequencePoints>
                <SequencePoint vc="3" uspid="17" ordinal="0" offset="0" sl="13" sc="9" el="13" ec="38" bec="0" bev="0" fileid="3" />
                <SequencePoint vc="3" uspid="18" ordinal="1" offset="7" sl="14" sc="9" el="14" ec="10" bec="0" bev="0" fileid="3" />
                <SequencePoint vc="3" uspid="19" ordinal="2" offset="8" sl="15" sc="13" el="15" ec="52" bec="0" bev="0" fileid="3" />
                <SequencePoint vc="3" uspid="20" ordinal="3" offset="19" sl="16" sc="13" el="16" ec="104" bec="0" bev="0" fileid="3" />
                <SequencePoint vc="3" uspid="21" ordinal="4" offset="55" sl="17" sc="9" el="17" ec="10" bec="0" bev="0" fileid="3" />
              </SequencePoints>
              <BranchPoints />
              <MethodPoint xsi:type="SequencePoint" vc="3" uspid="17" ordinal="0" offset="0" sl="13" sc="9" el="13" ec="38" bec="0" bev="0" fileid="3" />
            </Method>
            <Method visited="true" cyclomaticComplexity="1" nPathComplexity="0" sequenceCoverage="100" branchCoverage="100" crapScore="1" isConstructor="false" isStatic="false" isGetter="false" isSetter="false">
              <Summary numSequencePoints="3" visitedSequencePoints="3" numBranchPoints="1" visitedBranchPoints="1" sequenceCoverage="100" branchCoverage="100" maxCyclomaticComplexity="1" minCyclomaticComplexity="1" maxCrapScore="1" minCrapScore="1" visitedClasses="0" numClasses="0" visitedMethods="1" numMethods="1" />
              <MetadataToken>100663302</MetadataToken>
              <Name>System.Void ControleDeTarefas.Tests.ContatoInvalidoTests::DeveRetornarEmailInvalido()</Name>
              <FileRef uid="3" />
              <SequencePoints>
                <SequencePoint vc="1" uspid="22" ordinal="0" offset="0" sl="21" sc="9" el="21" ec="10" bec="0" bev="0" fileid="3" />
                <SequencePoint vc="1" uspid="23" ordinal="1" offset="1" sl="22" sc="13" el="22" ec="69" bec="0" bev="0" fileid="3" />
                <SequencePoint vc="1" uspid="24" ordinal="2" offset="23" sl="23" sc="9" el="23" ec="10" bec="0" bev="0" fileid="3" />
              </SequencePoints>
              <BranchPoints />
              <MethodPoint xsi:type="SequencePoint" vc="1" uspid="22" ordinal="0" offset="0" sl="21" sc="9" el="21" ec="10" bec="0" bev="0" fileid="3" />
            </Method>
            <Method visited="true" cyclomaticComplexity="1" nPathComplexity="0" sequenceCoverage="100" branchCoverage="100" crapScore="1" isConstructor="false" isStatic="false" isGetter="false" isSetter="false">
              <Summary numSequencePoints="4" visitedSequencePoints="4" numBranchPoints="1" visitedBranchPoints="1" sequenceCoverage="100" branchCoverage="100" maxCyclomaticComplexity="1" minCyclomaticComplexity="1" maxCrapScore="1" minCrapScore="1" visitedClasses="0" numClasses="0" visitedMethods="1" numMethods="1" />
              <MetadataToken>100663303</MetadataToken>
              <Name>System.Void ControleDeTarefas.Tests.ContatoInvalidoTests::DeveRetornarEmailETelefoneInvalido()</Name>
              <FileRef uid="3" />
              <SequencePoints>
                <SequencePoint vc="1" uspid="25" ordinal="0" offset="0" sl="27" sc="9" el="27" ec="10" bec="0" bev="0" fileid="3" />
                <SequencePoint vc="1" uspid="26" ordinal="1" offset="1" sl="28" sc="13" el="28" ec="43" bec="0" bev="0" fileid="3" />
                <SequencePoint vc="1" uspid="27" ordinal="2" offset="17" sl="29" sc="13" el="29" ec="112" bec="0" bev="0" fileid="3" />
                <SequencePoint vc="1" uspid="28" ordinal="3" offset="39" sl="30" sc="9" el="30" ec="10" bec="0" bev="0" fileid="3" />
              </SequencePoints>
              <BranchPoints />
              <MethodPoint xsi:type="SequencePoint" vc="1" uspid="25" ordinal="0" offset="0" sl="27" sc="9" el="27" ec="10" bec="0" bev="0" fileid="3" />
            </Method>
            <Method visited="true" cyclomaticComplexity="1" nPathComplexity="0" sequenceCoverage="100" branchCoverage="100" crapScore="1" isConstructor="false" isStatic="false" isGetter="false" isSetter="false">
              <Summary numSequencePoints="4" visitedSequencePoints="4" numBranchPoints="1" visitedBranchPoints="1" sequenceCoverage="100" branchCoverage="100" maxCyclomaticComplexity="1" minCyclomaticComplexity="1" maxCrapScore="1" minCrapScore="1" visitedClasses="0" numClasses="0" visitedMethods="1" numMethods="1" />
              <MetadataToken>100663304</MetadataToken>
              <Name>System.Void ControleDeTarefas.Tests.ContatoInvalidoTests::DeveRetornarEmailETelefoneInvalido2()</Name>
              <FileRef uid="3" />
              <SequencePoints>
                <SequencePoint vc="1" uspid="29" ordinal="0" offset="0" sl="34" sc="9" el="34" ec="10" bec="0" bev="0" fileid="3" />
                <SequencePoint vc="1" uspid="30" ordinal="1" offset="1" sl="35" sc="13" el="35" ec="53" bec="0" bev="0" fileid="3" />
                <SequencePoint vc="1" uspid="31" ordinal="2" offset="17" sl="36" sc="13" el="36" ec="114" bec="0" bev="0" fileid="3" />
                <SequencePoint vc="1" uspid="32" ordinal="3" offset="39" sl="37" sc="9" el="37" ec="10" bec="0" bev="0" fileid="3" />
              </SequencePoints>
              <BranchPoints />
              <MethodPoint xsi:type="SequencePoint" vc="1" uspid="29" ordinal="0" offset="0" sl="34" sc="9" el="34" ec="10" bec="0" bev="0" fileid="3" />
            </Method>
          </Methods>
        </Class>
        <Class>
          <Summary numSequencePoints="12" visitedSequencePoints="12" numBranchPoints="3" visitedBranchPoints="3" sequenceCoverage="100" branchCoverage="100" maxCyclomaticComplexity="1" minCyclomaticComplexity="1" maxCrapScore="1" minCrapScore="1" visitedClasses="1" numClasses="1" visitedMethods="3" numMethods="3" />
          <FullName>ControleDeTarefas.Tests.TarefaInvalidaTests</FullName>
          <Methods>
            <Method visited="true" cyclomaticComplexity="1" nPathComplexity="0" sequenceCoverage="100" branchCoverage="100" crapScore="1" isConstructor="true" isStatic="false" isGetter="false" isSetter="false">
              <Summary numSequencePoints="5" visitedSequencePoints="5" numBranchPoints="1" visitedBranchPoints="1" sequenceCoverage="100" branchCoverage="100" maxCyclomaticComplexity="1" minCyclomaticComplexity="1" maxCrapScore="1" minCrapScore="1" visitedClasses="0" numClasses="0" visitedMethods="1" numMethods="1" />
              <MetadataToken>100663305</MetadataToken>
              <Name>System.Void ControleDeTarefas.Tests.TarefaInvalidaTests::.ctor()</Name>
              <FileRef uid="4" />
              <SequencePoints>
                <SequencePoint vc="2" uspid="33" ordinal="0" offset="0" sl="11" sc="9" el="11" ec="37" bec="0" bev="0" fileid="4" />
                <SequencePoint vc="2" uspid="34" ordinal="1" offset="7" sl="12" sc="9" el="12" ec="10" bec="0" bev="0" fileid="4" />
                <SequencePoint vc="2" uspid="35" ordinal="2" offset="8" sl="13" sc="13" el="13" ec="51" bec="0" bev="0" fileid="4" />
                <SequencePoint vc="2" uspid="36" ordinal="3" offset="19" sl="14" sc="13" el="14" ec="71" bec="0" bev="0" fileid="4" />
                <SequencePoint vc="2" uspid="37" ordinal="4" offset="46" sl="15" sc="9" el="15" ec="10" bec="0" bev="0" fileid="4" />
              </SequencePoints>
              <BranchPoints />
              <MethodPoint xsi:type="SequencePoint" vc="2" uspid="33" ordinal="0" offset="0" sl="11" sc="9" el="11" ec="37" bec="0" bev="0" fileid="4" />
            </Method>
            <Method visited="true" cyclomaticComplexity="1" nPathComplexity="0" sequenceCoverage="100" branchCoverage="100" crapScore="1" isConstructor="false" isStatic="false" isGetter="false" isSetter="false">
              <Summary numSequencePoints="3" visitedSequencePoints="3" numBranchPoints="1" visitedBranchPoints="1" sequenceCoverage="100" branchCoverage="100" maxCyclomaticComplexity="1" minCyclomaticComplexity="1" maxCrapScore="1" minCrapScore="1" visitedClasses="0" numClasses="0" visitedMethods="1" numMethods="1" />
              <MetadataToken>100663306</MetadataToken>
              <Name>System.Void ControleDeTarefas.Tests.TarefaInvalidaTests::DeveRetornarPercentualInvalido()</Name>
              <FileRef uid="4" />
              <SequencePoints>
                <SequencePoint vc="1" uspid="38" ordinal="0" offset="0" sl="19" sc="9" el="19" ec="10" bec="0" bev="0" fileid="4" />
                <SequencePoint vc="1" uspid="39" ordinal="1" offset="1" sl="20" sc="13" el="20" ec="90" bec="0" bev="0" fileid="4" />
                <SequencePoint vc="1" uspid="40" ordinal="2" offset="23" sl="21" sc="9" el="21" ec="10" bec="0" bev="0" fileid="4" />
              </SequencePoints>
              <BranchPoints />
              <MethodPoint xsi:type="SequencePoint" vc="1" uspid="38" ordinal="0" offset="0" sl="19" sc="9" el="19" ec="10" bec="0" bev="0" fileid="4" />
            </Method>
            <Method visited="true" cyclomaticComplexity="1" nPathComplexity="0" sequenceCoverage="100" branchCoverage="100" crapScore="1" isConstructor="false" isStatic="false" isGetter="false" isSetter="false">
              <Summary numSequencePoints="4" visitedSequencePoints="4" numBranchPoints="1" visitedBranchPoints="1" sequenceCoverage="100" branchCoverage="100" maxCyclomaticComplexity="1" minCyclomaticComplexity="1" maxCrapScore="1" minCrapScore="1" visitedClasses="0" numClasses="0" visitedMethods="1" numMethods="1" />
              <MetadataToken>100663307</MetadataToken>
              <Name>System.Void ControleDeTarefas.Tests.TarefaInvalidaTests::DeveRetornarPercentualInvalido2()</Name>
              <FileRef uid="4" />
              <SequencePoints>
                <SequencePoint vc="1" uspid="41" ordinal="0" offset="0" sl="25" sc="9" el="25" ec="10" bec="0" bev="0" fileid="4" />
                <SequencePoint vc="1" uspid="42" ordinal="1" offset="1" sl="26" sc="13" el="26" ec="46" bec="0" bev="0" fileid="4" />
                <SequencePoint vc="1" uspid="43" ordinal="2" offset="19" sl="27" sc="13" el="27" ec="92" bec="0" bev="0" fileid="4" />
                <SequencePoint vc="1" uspid="44" ordinal="3" offset="41" sl="28" sc="9" el="28" ec="10" bec="0" bev="0" fileid="4" />
              </SequencePoints>
              <BranchPoints />
              <MethodPoint xsi:type="SequencePoint" vc="1" uspid="41" ordinal="0" offset="0" sl="25" sc="9" el="25" ec="10" bec="0" bev="0" fileid="4" />
            </Method>
          </Methods>
        </Class>
      </Classes>
    </Module>
    <Module hash="60-CC-D1-0E-B5-33-CC-C6-75-64-DF-84-55-66-F5-40-00-4A-C1-D4">
      <Summary numSequencePoints="611" visitedSequencePoints="49" numBranchPoints="174" visitedBranchPoints="22" sequenceCoverage="8.02" branchCoverage="12.64" maxCyclomaticComplexity="17" minCyclomaticComplexity="1" maxCrapScore="306" minCrapScore="1" visitedClasses="2" numClasses="11" visitedMethods="5" numMethods="44" />
      <ModulePath>C:\Users\pedro\source\repos\ControleDeTarefas.ConsoleApp\ControleDeTarefas.Tests\bin\Debug\fine-code-coverage\build-output\ControleDeTarefas.exe</ModulePath>
      <ModuleTime>2021-06-22T14:33:33.1938247Z</ModuleTime>
      <ModuleName>ControleDeTarefas</ModuleName>
      <Files>
        <File uid="9" fullPath="C:\Users\pedro\source\repos\ControleDeTarefas.ConsoleApp\ControleDeTarefas\Controladores\Controlador.cs" />
        <File uid="10" fullPath="C:\Users\pedro\source\repos\ControleDeTarefas.ConsoleApp\ControleDeTarefas\Controladores\ControladorTarefa.cs" />
        <File uid="11" fullPath="C:\Users\pedro\source\repos\ControleDeTarefas.ConsoleApp\ControleDeTarefas\Domínio\Tarefa.cs" />
        <File uid="12" fullPath="C:\Users\pedro\source\repos\ControleDeTarefas.ConsoleApp\ControleDeTarefas\Program.cs" />
        <File uid="13" fullPath="C:\Users\pedro\source\repos\ControleDeTarefas.ConsoleApp\ControleDeTarefas\Telas\TelaPrincipal.cs" />
        <File uid="14" fullPath="C:\Users\pedro\source\repos\ControleDeTarefas.ConsoleApp\ControleDeTarefas\Telas\TelaCadastro.cs" />
        <File uid="15" fullPath="C:\Users\pedro\source\repos\ControleDeTarefas.ConsoleApp\ControleDeTarefas\Telas\TelaBase.cs" />
        <File uid="16" fullPath="C:\Users\pedro\source\repos\ControleDeTarefas.ConsoleApp\ControleDeTarefas\Telas\TelaTarefa.cs" />
        <File uid="17" fullPath="C:\Users\pedro\source\repos\ControleDeTarefas.ConsoleApp\ControleDeTarefas\Telas\TelaContato.cs" />
        <File uid="18" fullPath="C:\Users\pedro\source\repos\ControleDeTarefas.ConsoleApp\ControleDeTarefas\Domínio\Contato.cs" />
        <File uid="19" fullPath="C:\Users\pedro\source\repos\ControleDeTarefas.ConsoleApp\ControleDeTarefas\Controladores\ControladorContato.cs" />
      </Files>
      <Classes>
        <Class>
          <Summary numSequencePoints="7" visitedSequencePoints="0" numBranchPoints="1" visitedBranchPoints="0" sequenceCoverage="0" branchCoverage="0" maxCyclomaticComplexity="1" minCyclomaticComplexity="1" maxCrapScore="2" minCrapScore="2" visitedClasses="0" numClasses="1" visitedMethods="0" numMethods="1" />
          <FullName>ControleDeTarefas.Controlador`1</FullName>
          <Methods>
            <Method visited="false" cyclomaticComplexity="1" nPathComplexity="0" sequenceCoverage="0" branchCoverage="0" crapScore="2" isConstructor="false" isStatic="true" isGetter="false" isSetter="false">
              <Summary numSequencePoints="7" visitedSequencePoints="0" numBranchPoints="1" visitedBranchPoints="0" sequenceCoverage="0" branchCoverage="0" maxCyclomaticComplexity="1" minCyclomaticComplexity="1" maxCrapScore="2" minCrapScore="2" visitedClasses="0" numClasses="0" visitedMethods="0" numMethods="1" />
              <MetadataToken>100663301</MetadataToken>
              <Name>System.Data.SqlClient.SqlConnection ControleDeTarefas.Controlador`1::AbrirConexaoComBancoDados()</Name>
              <FileRef uid="9" />
              <SequencePoints>
                <SequencePoint vc="0" uspid="45" ordinal="0" offset="0" sl="21" sc="9" el="21" ec="10" bec="0" bev="0" fileid="9" />
                <SequencePoint vc="0" uspid="46" ordinal="1" offset="1" sl="22" sc="13" el="23" ec="130" bec="0" bev="0" fileid="9" />
                <SequencePoint vc="0" uspid="47" ordinal="2" offset="7" sl="25" sc="13" el="25" ec="65" bec="0" bev="0" fileid="9" />
                <SequencePoint vc="0" uspid="48" ordinal="3" offset="13" sl="26" sc="13" el="26" ec="65" bec="0" bev="0" fileid="9" />
                <SequencePoint vc="0" uspid="49" ordinal="4" offset="21" sl="27" sc="13" el="27" ec="36" bec="0" bev="0" fileid="9" />
                <SequencePoint vc="0" uspid="50" ordinal="5" offset="28" sl="28" sc="13" el="28" ec="36" bec="0" bev="0" fileid="9" />
                <SequencePoint vc="0" uspid="51" ordinal="6" offset="32" sl="29" sc="9" el="29" ec="10" bec="0" bev="0" fileid="9" />
              </SequencePoints>
              <BranchPoints />
              <MethodPoint xsi:type="SequencePoint" vc="0" uspid="45" ordinal="0" offset="0" sl="21" sc="9" el="21" ec="10" bec="0" bev="0" fileid="9" />
            </Method>
            <Method visited="false" cyclomaticComplexity="1" nPathComplexity="0" sequenceCoverage="0" branchCoverage="0" crapScore="2" isConstructor="true" isStatic="false" isGetter="false" isSetter="false">
              <Summary numSequencePoints="0" visitedSequencePoints="0" numBranchPoints="0" visitedBranchPoints="0" sequenceCoverage="0" branchCoverage="0" maxCyclomaticComplexity="1" minCyclomaticComplexity="1" maxCrapScore="2" minCrapScore="2" visitedClasses="0" numClasses="0" visitedMethods="0" numMethods="0" />
              <MetadataToken>100663302</MetadataToken>
              <Name>System.Void ControleDeTarefas.Controlador`1::.ctor()</Name>
              <SequencePoints />
              <BranchPoints />
              <MethodPoint vc="0" uspid="52" ordinal="0" offset="0" />
            </Method>
          </Methods>
        </Class>
        <Class>
          <Summary numSequencePoints="98" visitedSequencePoints="0" numBranchPoints="10" visitedBranchPoints="0" sequenceCoverage="0" branchCoverage="0" maxCyclomaticComplexity="2" minCyclomaticComplexity="1" maxCrapScore="6" minCrapScore="2" visitedClasses="0" numClasses="1" visitedMethods="0" numMethods="6" />
          <FullName>ControleDeTarefas.ControladorTarefa</FullName>
          <Methods>
            <Method visited="false" cyclomaticComplexity="1" nPathComplexity="0" sequenceCoverage="0" branchCoverage="0" crapScore="2" isConstructor="false" isStatic="false" isGetter="false" isSetter="false">
              <Summary numSequencePoints="14" visitedSequencePoints="0" numBranchPoints="1" visitedBranchPoints="0" sequenceCoverage="0" branchCoverage="0" maxCyclomaticComplexity="1" minCyclomaticComplexity="1" maxCrapScore="2" minCrapScore="2" visitedClasses="0" numClasses="0" visitedMethods="0" numMethods="1" />
              <MetadataToken>100663303</MetadataToken>
              <Name>System.Void ControleDeTarefas.ControladorTarefa::EditarRegistro(System.Int32,ControleDeTarefas.Tarefa)</Name>
              <FileRef uid="10" />
              <SequencePoints>
                <SequencePoint vc="0" uspid="53" ordinal="0" offset="0" sl="13" sc="9" el="13" ec="10" bec="0" bev="0" fileid="10" />
                <SequencePoint vc="0" uspid="54" ordinal="1" offset="1" sl="14" sc="13" el="14" ec="73" bec="0" bev="0" fileid="10" />
                <SequencePoint vc="0" uspid="55" ordinal="2" offset="7" sl="16" sc="13" el="16" ec="62" bec="0" bev="0" fileid="10" />
                <SequencePoint vc="0" uspid="56" ordinal="3" offset="13" sl="17" sc="13" el="17" ec="61" bec="0" bev="0" fileid="10" />
                <SequencePoint vc="0" uspid="57" ordinal="4" offset="21" sl="19" sc="13" el="27" ec="31" bec="0" bev="0" fileid="10" />
                <SequencePoint vc="0" uspid="58" ordinal="5" offset="27" sl="29" sc="13" el="29" ec="61" bec="0" bev="0" fileid="10" />
                <SequencePoint vc="0" uspid="59" ordinal="6" offset="35" sl="31" sc="13" el="31" ec="77" bec="0" bev="0" fileid="10" />
                <SequencePoint vc="0" uspid="60" ordinal="7" offset="58" sl="32" sc="13" el="32" ec="99" bec="0" bev="0" fileid="10" />
                <SequencePoint vc="0" uspid="61" ordinal="8" offset="81" sl="33" sc="13" el="33" ec="91" bec="0" bev="0" fileid="10" />
                <SequencePoint vc="0" uspid="62" ordinal="9" offset="104" sl="34" sc="13" el="34" ec="105" bec="0" bev="0" fileid="10" />
                <SequencePoint vc="0" uspid="63" ordinal="10" offset="132" sl="35" sc="13" el="35" ec="117" bec="0" bev="0" fileid="10" />
                <SequencePoint vc="0" uspid="64" ordinal="11" offset="160" sl="37" sc="13" el="37" ec="50" bec="0" bev="0" fileid="10" />
                <SequencePoint vc="0" uspid="65" ordinal="12" offset="167" sl="39" sc="13" el="39" ec="37" bec="0" bev="0" fileid="10" />
                <SequencePoint vc="0" uspid="66" ordinal="13" offset="174" sl="40" sc="9" el="40" ec="10" bec="0" bev="0" fileid="10" />
              </SequencePoints>
              <BranchPoints />
              <MethodPoint xsi:type="SequencePoint" vc="0" uspid="53" ordinal="0" offset="0" sl="13" sc="9" el="13" ec="10" bec="0" bev="0" fileid="10" />
            </Method>
            <Method visited="false" cyclomaticComplexity="1" nPathComplexity="0" sequenceCoverage="0" branchCoverage="0" crapScore="2" isConstructor="false" isStatic="false" isGetter="false" isSetter="false">
              <Summary numSequencePoints="14" visitedSequencePoints="0" numBranchPoints="1" visitedBranchPoints="0" sequenceCoverage="0" branchCoverage="0" maxCyclomaticComplexity="1" minCyclomaticComplexity="1" maxCrapScore="2" minCrapScore="2" visitedClasses="0" numClasses="0" visitedMethods="0" numMethods="1" />
              <MetadataToken>100663304</MetadataToken>
              <Name>System.Void ControleDeTarefas.ControladorTarefa::ConcluirRegistro(ControleDeTarefas.Tarefa)</Name>
              <FileRef uid="10" />
              <SequencePoints>
                <SequencePoint vc="0" uspid="67" ordinal="0" offset="0" sl="43" sc="9" el="43" ec="10" bec="0" bev="0" fileid="10" />
                <SequencePoint vc="0" uspid="68" ordinal="1" offset="1" sl="44" sc="13" el="44" ec="73" bec="0" bev="0" fileid="10" />
                <SequencePoint vc="0" uspid="69" ordinal="2" offset="7" sl="46" sc="13" el="46" ec="62" bec="0" bev="0" fileid="10" />
                <SequencePoint vc="0" uspid="70" ordinal="3" offset="13" sl="47" sc="13" el="47" ec="61" bec="0" bev="0" fileid="10" />
                <SequencePoint vc="0" uspid="71" ordinal="4" offset="21" sl="49" sc="13" el="57" ec="31" bec="0" bev="0" fileid="10" />
                <SequencePoint vc="0" uspid="72" ordinal="5" offset="27" sl="59" sc="13" el="59" ec="61" bec="0" bev="0" fileid="10" />
                <SequencePoint vc="0" uspid="73" ordinal="6" offset="35" sl="61" sc="13" el="61" ec="73" bec="0" bev="0" fileid="10" />
                <SequencePoint vc="0" uspid="74" ordinal="7" offset="63" sl="62" sc="13" el="62" ec="89" bec="0" bev="0" fileid="10" />
                <SequencePoint vc="0" uspid="75" ordinal="8" offset="86" sl="63" sc="13" el="63" ec="81" bec="0" bev="0" fileid="10" />
                <SequencePoint vc="0" uspid="76" ordinal="9" offset="109" sl="64" sc="13" el="64" ec="87" bec="0" bev="0" fileid="10" />
                <SequencePoint vc="0" uspid="77" ordinal="10" offset="136" sl="65" sc="13" el="65" ec="84" bec="0" bev="0" fileid="10" />
                <SequencePoint vc="0" uspid="78" ordinal="11" offset="160" sl="67" sc="13" el="67" ec="50" bec="0" bev="0" fileid="10" />
                <SequencePoint vc="0" uspid="79" ordinal="12" offset="167" sl="69" sc="13" el="69" ec="37" bec="0" bev="0" fileid="10" />
                <SequencePoint vc="0" uspid="80" ordinal="13" offset="174" sl="70" sc="9" el="70" ec="10" bec="0" bev="0" fileid="10" />
              </SequencePoints>
              <BranchPoints />
              <MethodPoint xsi:type="SequencePoint" vc="0" uspid="67" ordinal="0" offset="0" sl="43" sc="9" el="43" ec="10" bec="0" bev="0" fileid="10" />
            </Method>
            <Method visited="false" cyclomaticComplexity="1" nPathComplexity="0" sequenceCoverage="0" branchCoverage="0" crapScore="2" isConstructor="false" isStatic="false" isGetter="false" isSetter="false">
              <Summary numSequencePoints="10" visitedSequencePoints="0" numBranchPoints="1" visitedBranchPoints="0" sequenceCoverage="0" branchCoverage="0" maxCyclomaticComplexity="1" minCyclomaticComplexity="1" maxCrapScore="2" minCrapScore="2" visitedClasses="0" numClasses="0" visitedMethods="0" numMethods="1" />
              <MetadataToken>100663305</MetadataToken>
              <Name>System.Void ControleDeTarefas.ControladorTarefa::ExcluirRegistro(ControleDeTarefas.Tarefa)</Name>
              <FileRef uid="10" />
              <SequencePoints>
                <SequencePoint vc="0" uspid="81" ordinal="0" offset="0" sl="73" sc="9" el="73" ec="10" bec="0" bev="0" fileid="10" />
                <SequencePoint vc="0" uspid="82" ordinal="1" offset="1" sl="74" sc="13" el="74" ec="73" bec="0" bev="0" fileid="10" />
                <SequencePoint vc="0" uspid="83" ordinal="2" offset="7" sl="76" sc="13" el="76" ec="59" bec="0" bev="0" fileid="10" />
                <SequencePoint vc="0" uspid="84" ordinal="3" offset="13" sl="77" sc="13" el="77" ec="58" bec="0" bev="0" fileid="10" />
                <SequencePoint vc="0" uspid="85" ordinal="4" offset="21" sl="79" sc="13" el="82" ec="31" bec="0" bev="0" fileid="10" />
                <SequencePoint vc="0" uspid="86" ordinal="5" offset="27" sl="84" sc="13" el="84" ec="55" bec="0" bev="0" fileid="10" />
                <SequencePoint vc="0" uspid="87" ordinal="6" offset="35" sl="86" sc="13" el="86" ec="70" bec="0" bev="0" fileid="10" />
                <SequencePoint vc="0" uspid="88" ordinal="7" offset="63" sl="88" sc="13" el="88" ec="47" bec="0" bev="0" fileid="10" />
                <SequencePoint vc="0" uspid="89" ordinal="8" offset="70" sl="90" sc="13" el="90" ec="37" bec="0" bev="0" fileid="10" />
                <SequencePoint vc="0" uspid="90" ordinal="9" offset="77" sl="91" sc="9" el="91" ec="10" bec="0" bev="0" fileid="10" />
              </SequencePoints>
              <BranchPoints />
              <MethodPoint xsi:type="SequencePoint" vc="0" uspid="81" ordinal="0" offset="0" sl="73" sc="9" el="73" ec="10" bec="0" bev="0" fileid="10" />
            </Method>
            <Method visited="false" cyclomaticComplexity="1" nPathComplexity="0" sequenceCoverage="0" branchCoverage="0" crapScore="2" isConstructor="false" isStatic="false" isGetter="false" isSetter="false">
              <Summary numSequencePoints="16" visitedSequencePoints="0" numBranchPoints="1" visitedBranchPoints="0" sequenceCoverage="0" branchCoverage="0" maxCyclomaticComplexity="1" minCyclomaticComplexity="1" maxCrapScore="2" minCrapScore="2" visitedClasses="0" numClasses="0" visitedMethods="0" numMethods="1" />
              <MetadataToken>100663306</MetadataToken>
              <Name>System.Void ControleDeTarefas.ControladorTarefa::InserirNovo(ControleDeTarefas.Tarefa)</Name>
              <FileRef uid="10" />
              <SequencePoints>
                <SequencePoint vc="0" uspid="91" ordinal="0" offset="0" sl="94" sc="9" el="94" ec="10" bec="0" bev="0" fileid="10" />
                <SequencePoint vc="0" uspid="92" ordinal="1" offset="1" sl="95" sc="13" el="95" ec="73" bec="0" bev="0" fileid="10" />
                <SequencePoint vc="0" uspid="93" ordinal="2" offset="7" sl="97" sc="13" el="97" ec="59" bec="0" bev="0" fileid="10" />
                <SequencePoint vc="0" uspid="94" ordinal="3" offset="13" sl="98" sc="13" el="98" ec="58" bec="0" bev="0" fileid="10" />
                <SequencePoint vc="0" uspid="95" ordinal="4" offset="21" sl="100" sc="13" el="116" ec="25" bec="0" bev="0" fileid="10" />
                <SequencePoint vc="0" uspid="96" ordinal="5" offset="27" sl="118" sc="13" el="119" ec="45" bec="0" bev="0" fileid="10" />
                <SequencePoint vc="0" uspid="97" ordinal="6" offset="39" sl="121" sc="13" el="121" ec="55" bec="0" bev="0" fileid="10" />
                <SequencePoint vc="0" uspid="98" ordinal="7" offset="47" sl="123" sc="13" el="123" ec="86" bec="0" bev="0" fileid="10" />
                <SequencePoint vc="0" uspid="99" ordinal="8" offset="70" sl="124" sc="13" el="124" ec="78" bec="0" bev="0" fileid="10" />
                <SequencePoint vc="0" uspid="100" ordinal="9" offset="93" sl="125" sc="13" el="125" ec="88" bec="0" bev="0" fileid="10" />
                <SequencePoint vc="0" uspid="101" ordinal="10" offset="121" sl="126" sc="13" el="126" ec="92" bec="0" bev="0" fileid="10" />
                <SequencePoint vc="0" uspid="102" ordinal="11" offset="149" sl="127" sc="13" el="127" ec="104" bec="0" bev="0" fileid="10" />
                <SequencePoint vc="0" uspid="103" ordinal="12" offset="177" sl="129" sc="13" el="129" ec="57" bec="0" bev="0" fileid="10" />
                <SequencePoint vc="0" uspid="104" ordinal="13" offset="184" sl="131" sc="13" el="131" ec="45" bec="0" bev="0" fileid="10" />
                <SequencePoint vc="0" uspid="105" ordinal="14" offset="196" sl="133" sc="13" el="133" ec="37" bec="0" bev="0" fileid="10" />
                <SequencePoint vc="0" uspid="106" ordinal="15" offset="203" sl="134" sc="9" el="134" ec="10" bec="0" bev="0" fileid="10" />
              </SequencePoints>
              <BranchPoints />
              <MethodPoint xsi:type="SequencePoint" vc="0" uspid="91" ordinal="0" offset="0" sl="94" sc="9" el="94" ec="10" bec="0" bev="0" fileid="10" />
            </Method>
            <Method visited="false" cyclomaticComplexity="2" nPathComplexity="2" sequenceCoverage="0" branchCoverage="0" crapScore="6" isConstructor="false" isStatic="false" isGetter="false" isSetter="false">
              <Summary numSequencePoints="23" visitedSequencePoints="0" numBranchPoints="3" visitedBranchPoints="0" sequenceCoverage="0" branchCoverage="0" maxCyclomaticComplexity="2" minCyclomaticComplexity="2" maxCrapScore="6" minCrapScore="6" visitedClasses="0" numClasses="0" visitedMethods="0" numMethods="1" />
              <MetadataToken>100663307</MetadataToken>
              <Name>System.Collections.Generic.List`1&lt;ControleDeTarefas.Tarefa&gt; ControleDeTarefas.ControladorTarefa::SelecionarTodasTarefas()</Name>
              <FileRef uid="10" />
              <SequencePoints>
                <SequencePoint vc="0" uspid="107" ordinal="0" offset="0" sl="137" sc="9" el="137" ec="10" bec="0" bev="0" fileid="10" />
                <SequencePoint vc="0" uspid="108" ordinal="1" offset="1" sl="138" sc="13" el="138" ec="73" bec="0" bev="0" fileid="10" />
                <SequencePoint vc="0" uspid="109" ordinal="2" offset="7" sl="140" sc="13" el="140" ec="58" bec="0" bev="0" fileid="10" />
                <SequencePoint vc="0" uspid="110" ordinal="3" offset="13" sl="141" sc="13" el="141" ec="57" bec="0" bev="0" fileid="10" />
                <SequencePoint vc="0" uspid="111" ordinal="4" offset="21" sl="143" sc="13" el="158" ec="26" bec="0" bev="0" fileid="10" />
                <SequencePoint vc="0" uspid="112" ordinal="5" offset="27" sl="160" sc="13" el="160" ec="53" bec="0" bev="0" fileid="10" />
                <SequencePoint vc="0" uspid="113" ordinal="6" offset="35" sl="162" sc="13" el="162" ec="74" bec="0" bev="0" fileid="10" />
                <SequencePoint vc="0" uspid="114" ordinal="7" offset="42" sl="164" sc="13" el="164" ec="55" bec="0" bev="0" fileid="10" />
                <SequencePoint vc="0" uspid="115" ordinal="8" offset="54" sl="167" sc="13" el="167" ec="14" bec="0" bev="0" fileid="10" />
                <SequencePoint vc="0" uspid="116" ordinal="9" offset="55" sl="168" sc="17" el="168" ec="63" bec="0" bev="0" fileid="10" />
                <SequencePoint vc="0" uspid="117" ordinal="10" offset="73" sl="169" sc="17" el="169" ec="86" bec="0" bev="0" fileid="10" />
                <SequencePoint vc="0" uspid="118" ordinal="11" offset="91" sl="170" sc="17" el="170" ec="75" bec="0" bev="0" fileid="10" />
                <SequencePoint vc="0" uspid="119" ordinal="12" offset="109" sl="171" sc="17" el="171" ec="89" bec="0" bev="0" fileid="10" />
                <SequencePoint vc="0" uspid="120" ordinal="13" offset="127" sl="172" sc="17" el="172" ec="93" bec="0" bev="0" fileid="10" />
                <SequencePoint vc="0" uspid="121" ordinal="14" offset="145" sl="173" sc="17" el="173" ec="103" bec="0" bev="0" fileid="10" />
                <SequencePoint vc="0" uspid="122" ordinal="15" offset="163" sl="175" sc="17" el="175" ec="96" bec="0" bev="0" fileid="10" />
                <SequencePoint vc="0" uspid="123" ordinal="16" offset="178" sl="176" sc="17" el="176" ec="27" bec="0" bev="0" fileid="10" />
                <SequencePoint vc="0" uspid="124" ordinal="17" offset="187" sl="178" sc="17" el="178" ec="32" bec="0" bev="0" fileid="10" />
                <SequencePoint vc="0" uspid="125" ordinal="18" offset="197" sl="179" sc="13" el="179" ec="14" bec="0" bev="0" fileid="10" />
                <SequencePoint vc="0" uspid="126" ordinal="19" offset="198" sl="166" sc="13" el="166" ec="41" bec="2" bev="0" fileid="10" />
                <SequencePoint vc="0" uspid="127" ordinal="20" offset="213" sl="181" sc="13" el="181" ec="37" bec="0" bev="0" fileid="10" />
                <SequencePoint vc="0" uspid="128" ordinal="21" offset="220" sl="182" sc="13" el="182" ec="28" bec="0" bev="0" fileid="10" />
                <SequencePoint vc="0" uspid="129" ordinal="22" offset="226" sl="183" sc="9" el="183" ec="10" bec="0" bev="0" fileid="10" />
              </SequencePoints>
              <BranchPoints>
                <BranchPoint vc="0" uspid="130" ordinal="0" offset="208" sl="166" path="0" offsetend="213" fileid="10" />
                <BranchPoint vc="0" uspid="131" ordinal="1" offset="208" sl="166" path="1" offsetend="54" fileid="10" />
              </BranchPoints>
              <MethodPoint xsi:type="SequencePoint" vc="0" uspid="107" ordinal="0" offset="0" sl="137" sc="9" el="137" ec="10" bec="0" bev="0" fileid="10" />
            </Method>
            <Method visited="false" cyclomaticComplexity="2" nPathComplexity="2" sequenceCoverage="0" branchCoverage="0" crapScore="6" isConstructor="false" isStatic="false" isGetter="false" isSetter="false">
              <Summary numSequencePoints="21" visitedSequencePoints="0" numBranchPoints="3" visitedBranchPoints="0" sequenceCoverage="0" branchCoverage="0" maxCyclomaticComplexity="2" minCyclomaticComplexity="2" maxCrapScore="6" minCrapScore="6" visitedClasses="0" numClasses="0" visitedMethods="0" numMethods="1" />
              <MetadataToken>100663308</MetadataToken>
              <Name>ControleDeTarefas.Tarefa ControleDeTarefas.ControladorTarefa::SelecionarRegistroPorId(System.Int32)</Name>
              <FileRef uid="10" />
              <SequencePoints>
                <SequencePoint vc="0" uspid="132" ordinal="0" offset="0" sl="186" sc="9" el="186" ec="10" bec="0" bev="0" fileid="10" />
                <SequencePoint vc="0" uspid="133" ordinal="1" offset="1" sl="187" sc="13" el="187" ec="73" bec="0" bev="0" fileid="10" />
                <SequencePoint vc="0" uspid="134" ordinal="2" offset="7" sl="189" sc="13" el="189" ec="58" bec="0" bev="0" fileid="10" />
                <SequencePoint vc="0" uspid="135" ordinal="3" offset="13" sl="190" sc="13" el="190" ec="57" bec="0" bev="0" fileid="10" />
                <SequencePoint vc="0" uspid="136" ordinal="4" offset="21" sl="192" sc="13" el="203" ec="35" bec="0" bev="0" fileid="10" />
                <SequencePoint vc="0" uspid="137" ordinal="5" offset="27" sl="205" sc="13" el="205" ec="53" bec="0" bev="0" fileid="10" />
                <SequencePoint vc="0" uspid="138" ordinal="6" offset="35" sl="206" sc="13" el="206" ec="62" bec="0" bev="0" fileid="10" />
                <SequencePoint vc="0" uspid="139" ordinal="7" offset="58" sl="208" sc="13" el="208" ec="74" bec="0" bev="0" fileid="10" />
                <SequencePoint vc="0" uspid="140" ordinal="8" offset="65" sl="210" sc="13" el="210" ec="46" bec="2" bev="0" fileid="10" />
                <SequencePoint vc="0" uspid="141" ordinal="9" offset="79" sl="211" sc="17" el="211" ec="29" bec="0" bev="0" fileid="10" />
                <SequencePoint vc="0" uspid="142" ordinal="10" offset="87" sl="213" sc="13" el="213" ec="65" bec="0" bev="0" fileid="10" />
                <SequencePoint vc="0" uspid="143" ordinal="11" offset="105" sl="214" sc="13" el="214" ec="82" bec="0" bev="0" fileid="10" />
                <SequencePoint vc="0" uspid="144" ordinal="12" offset="123" sl="215" sc="13" el="215" ec="71" bec="0" bev="0" fileid="10" />
                <SequencePoint vc="0" uspid="145" ordinal="13" offset="141" sl="216" sc="13" el="216" ec="85" bec="0" bev="0" fileid="10" />
                <SequencePoint vc="0" uspid="146" ordinal="14" offset="159" sl="217" sc="13" el="217" ec="89" bec="0" bev="0" fileid="10" />
                <SequencePoint vc="0" uspid="147" ordinal="15" offset="177" sl="218" sc="13" el="218" ec="99" bec="0" bev="0" fileid="10" />
                <SequencePoint vc="0" uspid="148" ordinal="16" offset="195" sl="220" sc="13" el="220" ec="97" bec="0" bev="0" fileid="10" />
                <SequencePoint vc="0" uspid="149" ordinal="17" offset="210" sl="221" sc="13" el="221" ec="34" bec="0" bev="0" fileid="10" />
                <SequencePoint vc="0" uspid="150" ordinal="18" offset="219" sl="223" sc="13" el="223" ec="37" bec="0" bev="0" fileid="10" />
                <SequencePoint vc="0" uspid="151" ordinal="19" offset="226" sl="224" sc="13" el="224" ec="27" bec="0" bev="0" fileid="10" />
                <SequencePoint vc="0" uspid="152" ordinal="20" offset="232" sl="225" sc="9" el="225" ec="10" bec="0" bev="0" fileid="10" />
              </SequencePoints>
              <BranchPoints>
                <BranchPoint vc="0" uspid="153" ordinal="0" offset="77" sl="210" path="0" offsetend="79" fileid="10" />
                <BranchPoint vc="0" uspid="154" ordinal="1" offset="77" sl="210" path="1" offsetend="87" fileid="10" />
              </BranchPoints>
              <MethodPoint xsi:type="SequencePoint" vc="0" uspid="132" ordinal="0" offset="0" sl="186" sc="9" el="186" ec="10" bec="0" bev="0" fileid="10" />
            </Method>
            <Method visited="false" cyclomaticComplexity="1" nPathComplexity="0" sequenceCoverage="0" branchCoverage="0" crapScore="2" isConstructor="true" isStatic="false" isGetter="false" isSetter="false">
              <Summary numSequencePoints="0" visitedSequencePoints="0" numBranchPoints="0" visitedBranchPoints="0" sequenceCoverage="0" branchCoverage="0" maxCyclomaticComplexity="1" minCyclomaticComplexity="1" maxCrapScore="2" minCrapScore="2" visitedClasses="0" numClasses="0" visitedMethods="0" numMethods="0" />
              <MetadataToken>100663309</MetadataToken>
              <Name>System.Void ControleDeTarefas.ControladorTarefa::.ctor()</Name>
              <SequencePoints />
              <BranchPoints />
              <MethodPoint vc="0" uspid="155" ordinal="0" offset="0" />
            </Method>
          </Methods>
        </Class>
        <Class>
          <Summary numSequencePoints="0" visitedSequencePoints="0" numBranchPoints="0" visitedBranchPoints="0" sequenceCoverage="0" branchCoverage="0" maxCyclomaticComplexity="1" minCyclomaticComplexity="1" maxCrapScore="2" minCrapScore="2" visitedClasses="0" numClasses="0" visitedMethods="0" numMethods="0" />
          <FullName>ControleDeTarefas.EntidadeBase</FullName>
          <Methods>
            <Method visited="false" cyclomaticComplexity="1" nPathComplexity="0" sequenceCoverage="0" branchCoverage="0" crapScore="2" isConstructor="true" isStatic="false" isGetter="false" isSetter="false">
              <Summary numSequencePoints="0" visitedSequencePoints="0" numBranchPoints="0" visitedBranchPoints="0" sequenceCoverage="0" branchCoverage="0" maxCyclomaticComplexity="1" minCyclomaticComplexity="1" maxCrapScore="2" minCrapScore="2" visitedClasses="0" numClasses="0" visitedMethods="0" numMethods="0" />
              <MetadataToken>100663310</MetadataToken>
              <Name>System.Void ControleDeTarefas.EntidadeBase::.ctor()</Name>
              <SequencePoints />
              <BranchPoints />
              <MethodPoint vc="0" uspid="156" ordinal="0" offset="0" />
            </Method>
          </Methods>
        </Class>
        <Class>
          <Summary numSequencePoints="41" visitedSequencePoints="29" numBranchPoints="14" visitedBranchPoints="11" sequenceCoverage="70.73" branchCoverage="78.57" maxCyclomaticComplexity="4" minCyclomaticComplexity="1" maxCrapScore="4" minCrapScore="1" visitedClasses="1" numClasses="1" visitedMethods="3" numMethods="4" />
          <FullName>ControleDeTarefas.Tarefa</FullName>
          <Methods>
            <Method visited="true" cyclomaticComplexity="1" nPathComplexity="0" sequenceCoverage="100" branchCoverage="100" crapScore="1" isConstructor="true" isStatic="false" isGetter="false" isSetter="false">
              <Summary numSequencePoints="9" visitedSequencePoints="9" numBranchPoints="1" visitedBranchPoints="1" sequenceCoverage="100" branchCoverage="100" maxCyclomaticComplexity="1" minCyclomaticComplexity="1" maxCrapScore="1" minCrapScore="1" visitedClasses="0" numClasses="0" visitedMethods="1" numMethods="1" />
              <MetadataToken>100663311</MetadataToken>
              <Name>System.Void ControleDeTarefas.Tarefa::.ctor(System.Int32,System.String,System.DateTime,System.Decimal)</Name>
              <FileRef uid="11" />
              <SequencePoints>
                <SequencePoint vc="3" uspid="157" ordinal="0" offset="0" sl="11" sc="9" el="11" ec="54" bec="0" bev="0" fileid="11" />
                <SequencePoint vc="3" uspid="158" ordinal="1" offset="11" sl="13" sc="9" el="13" ec="84" bec="0" bev="0" fileid="11" />
                <SequencePoint vc="3" uspid="159" ordinal="2" offset="22" sl="15" sc="9" el="15" ec="77" bec="0" bev="0" fileid="11" />
                <SequencePoint vc="3" uspid="160" ordinal="3" offset="29" sl="16" sc="9" el="16" ec="10" bec="0" bev="0" fileid="11" />
                <SequencePoint vc="3" uspid="161" ordinal="4" offset="30" sl="17" sc="13" el="17" ec="45" bec="0" bev="0" fileid="11" />
                <SequencePoint vc="3" uspid="162" ordinal="5" offset="43" sl="18" sc="13" el="18" ec="24" bec="0" bev="0" fileid="11" />
                <SequencePoint vc="3" uspid="163" ordinal="6" offset="50" sl="19" sc="13" el="19" ec="36" bec="0" bev="0" fileid="11" />
                <SequencePoint vc="3" uspid="164" ordinal="7" offset="57" sl="20" sc="13" el="20" ec="46" bec="0" bev="0" fileid="11" />
                <SequencePoint vc="3" uspid="165" ordinal="8" offset="65" sl="21" sc="9" el="21" ec="10" bec="0" bev="0" fileid="11" />
              </SequencePoints>
              <BranchPoints />
              <MethodPoint xsi:type="SequencePoint" vc="3" uspid="157" ordinal="0" offset="0" sl="11" sc="9" el="11" ec="54" bec="0" bev="0" fileid="11" />
            </Method>
            <Method visited="false" cyclomaticComplexity="1" nPathComplexity="0" sequenceCoverage="0" branchCoverage="0" crapScore="2" isConstructor="true" isStatic="false" isGetter="false" isSetter="false">
              <Summary numSequencePoints="9" visitedSequencePoints="0" numBranchPoints="1" visitedBranchPoints="0" sequenceCoverage="0" branchCoverage="0" maxCyclomaticComplexity="1" minCyclomaticComplexity="1" maxCrapScore="2" minCrapScore="2" visitedClasses="0" numClasses="0" visitedMethods="0" numMethods="1" />
              <MetadataToken>100663312</MetadataToken>
              <Name>System.Void ControleDeTarefas.Tarefa::.ctor(System.String,System.String,System.DateTime,System.Decimal)</Name>
              <FileRef uid="11" />
              <SequencePoints>
                <SequencePoint vc="0" uspid="166" ordinal="0" offset="0" sl="11" sc="9" el="11" ec="54" bec="0" bev="0" fileid="11" />
                <SequencePoint vc="0" uspid="167" ordinal="1" offset="11" sl="13" sc="9" el="13" ec="84" bec="0" bev="0" fileid="11" />
                <SequencePoint vc="0" uspid="168" ordinal="2" offset="22" sl="23" sc="9" el="23" ec="107" bec="0" bev="0" fileid="11" />
                <SequencePoint vc="0" uspid="169" ordinal="3" offset="29" sl="24" sc="9" el="24" ec="10" bec="0" bev="0" fileid="11" />
                <SequencePoint vc="0" uspid="170" ordinal="4" offset="30" sl="25" sc="13" el="25" ec="42" bec="0" bev="0" fileid="11" />
                <SequencePoint vc="0" uspid="171" ordinal="5" offset="37" sl="26" sc="13" el="26" ec="34" bec="0" bev="0" fileid="11" />
                <SequencePoint vc="0" uspid="172" ordinal="6" offset="44" sl="27" sc="13" el="27" ec="44" bec="0" bev="0" fileid="11" />
                <SequencePoint vc="0" uspid="173" ordinal="7" offset="51" sl="28" sc="13" el="28" ec="60" bec="0" bev="0" fileid="11" />
                <SequencePoint vc="0" uspid="174" ordinal="8" offset="59" sl="29" sc="9" el="29" ec="10" bec="0" bev="0" fileid="11" />
              </SequencePoints>
              <BranchPoints />
              <MethodPoint xsi:type="SequencePoint" vc="0" uspid="166" ordinal="0" offset="0" sl="11" sc="9" el="11" ec="54" bec="0" bev="0" fileid="11" />
            </Method>
            <Method visited="true" cyclomaticComplexity="3" nPathComplexity="4" sequenceCoverage="76.92" branchCoverage="60" crapScore="3.11" isConstructor="false" isStatic="false" isGetter="false" isSetter="false">
              <Summary numSequencePoints="13" visitedSequencePoints="10" numBranchPoints="5" visitedBranchPoints="3" sequenceCoverage="76.92" branchCoverage="60" maxCyclomaticComplexity="3" minCyclomaticComplexity="3" maxCrapScore="3.11" minCrapScore="3.11" visitedClasses="0" numClasses="0" visitedMethods="1" numMethods="1" />
              <MetadataToken>100663313</MetadataToken>
              <Name>System.String ControleDeTarefas.Tarefa::gerarPrioridade(System.Int32)</Name>
              <FileRef uid="11" />
              <SequencePoints>
                <SequencePoint vc="3" uspid="175" ordinal="0" offset="0" sl="32" sc="9" el="32" ec="10" bec="0" bev="0" fileid="11" />
                <SequencePoint vc="3" uspid="176" ordinal="1" offset="1" sl="33" sc="17" el="33" ec="45" bec="0" bev="0" fileid="11" />
                <SequencePoint vc="3" uspid="177" ordinal="2" offset="19" sl="34" sc="17" el="34" ec="46" bec="0" bev="0" fileid="11" />
                <SequencePoint vc="3" uspid="178" ordinal="3" offset="37" sl="35" sc="17" el="35" ec="44" bec="0" bev="0" fileid="11" />
                <SequencePoint vc="3" uspid="179" ordinal="4" offset="55" sl="37" sc="18" el="37" ec="27" bec="0" bev="0" fileid="11" />
                <SequencePoint vc="3" uspid="180" ordinal="5" offset="59" sl="38" sc="13" el="38" ec="14" bec="0" bev="0" fileid="11" />
                <SequencePoint vc="3" uspid="181" ordinal="6" offset="60" sl="39" sc="17" el="39" ec="48" bec="2" bev="1" fileid="11" />
                <SequencePoint vc="3" uspid="182" ordinal="7" offset="76" sl="40" sc="21" el="40" ec="43" bec="0" bev="0" fileid="11" />
                <SequencePoint vc="0" uspid="183" ordinal="8" offset="91" sl="41" sc="13" el="41" ec="14" bec="0" bev="0" fileid="11" />
                <SequencePoint vc="0" uspid="184" ordinal="9" offset="92" sl="37" sc="36" el="37" ec="39" bec="0" bev="0" fileid="11" />
                <SequencePoint vc="3" uspid="185" ordinal="10" offset="96" sl="37" sc="29" el="37" ec="34" bec="2" bev="1" fileid="11" />
                <SequencePoint vc="0" uspid="186" ordinal="11" offset="104" sl="42" sc="13" el="42" ec="23" bec="0" bev="0" fileid="11" />
                <SequencePoint vc="3" uspid="187" ordinal="12" offset="112" sl="43" sc="9" el="43" ec="10" bec="0" bev="0" fileid="11" />
              </SequencePoints>
              <BranchPoints>
                <BranchPoint vc="3" uspid="188" ordinal="0" offset="74" sl="39" path="0" offsetend="76" fileid="11" />
                <BranchPoint vc="0" uspid="189" ordinal="1" offset="74" sl="39" path="1" offsetend="91" fileid="11" />
                <BranchPoint vc="0" uspid="190" ordinal="2" offset="102" sl="37" path="0" offsetend="104" fileid="11" />
                <BranchPoint vc="3" uspid="191" ordinal="3" offset="102" sl="37" path="1" offsetend="59" fileid="11" />
              </BranchPoints>
              <MethodPoint xsi:type="SequencePoint" vc="3" uspid="175" ordinal="0" offset="0" sl="32" sc="9" el="32" ec="10" bec="0" bev="0" fileid="11" />
            </Method>
            <Method visited="true" cyclomaticComplexity="4" nPathComplexity="8" sequenceCoverage="100" branchCoverage="100" crapScore="4" isConstructor="false" isStatic="false" isGetter="false" isSetter="false">
              <Summary numSequencePoints="10" visitedSequencePoints="10" numBranchPoints="7" visitedBranchPoints="7" sequenceCoverage="100" branchCoverage="100" maxCyclomaticComplexity="4" minCyclomaticComplexity="4" maxCrapScore="4" minCrapScore="4" visitedClasses="0" numClasses="0" visitedMethods="1" numMethods="1" />
              <MetadataToken>100663314</MetadataToken>
              <Name>System.String ControleDeTarefas.Tarefa::validar()</Name>
              <FileRef uid="11" />
              <SequencePoints>
                <SequencePoint vc="3" uspid="192" ordinal="0" offset="0" sl="46" sc="9" el="46" ec="10" bec="0" bev="0" fileid="11" />
                <SequencePoint vc="3" uspid="193" ordinal="1" offset="1" sl="47" sc="17" el="47" ec="48" bec="0" bev="0" fileid="11" />
                <SequencePoint vc="3" uspid="194" ordinal="2" offset="7" sl="49" sc="17" el="49" ec="47" bec="2" bev="2" fileid="11" />
                <SequencePoint vc="1" uspid="195" ordinal="3" offset="29" sl="50" sc="21" el="50" ec="87" bec="0" bev="0" fileid="11" />
                <SequencePoint vc="3" uspid="196" ordinal="4" offset="41" sl="52" sc="17" el="52" ec="45" bec="2" bev="2" fileid="11" />
                <SequencePoint vc="1" uspid="197" ordinal="5" offset="61" sl="53" sc="21" el="53" ec="85" bec="0" bev="0" fileid="11" />
                <SequencePoint vc="3" uspid="198" ordinal="6" offset="73" sl="55" sc="17" el="55" ec="62" bec="2" bev="2" fileid="11" />
                <SequencePoint vc="1" uspid="199" ordinal="7" offset="83" sl="56" sc="21" el="56" ec="56" bec="0" bev="0" fileid="11" />
                <SequencePoint vc="3" uspid="200" ordinal="8" offset="89" sl="58" sc="17" el="58" ec="43" bec="0" bev="0" fileid="11" />
                <SequencePoint vc="3" uspid="201" ordinal="9" offset="94" sl="60" sc="9" el="60" ec="10" bec="0" bev="0" fileid="11" />
              </SequencePoints>
              <BranchPoints>
                <BranchPoint vc="1" uspid="202" ordinal="0" offset="27" sl="49" path="0" offsetend="29" fileid="11" />
                <BranchPoint vc="2" uspid="203" ordinal="1" offset="27" sl="49" path="1" offsetend="41" fileid="11" />
                <BranchPoint vc="1" uspid="204" ordinal="2" offset="59" sl="52" path="0" offsetend="61" fileid="11" />
                <BranchPoint vc="2" uspid="205" ordinal="3" offset="59" sl="52" path="1" offsetend="73" fileid="11" />
                <BranchPoint vc="1" uspid="206" ordinal="4" offset="81" sl="55" path="0" offsetend="83" fileid="11" />
                <BranchPoint vc="2" uspid="207" ordinal="5" offset="81" sl="55" path="1" offsetend="89" fileid="11" />
              </BranchPoints>
              <MethodPoint xsi:type="SequencePoint" vc="3" uspid="192" ordinal="0" offset="0" sl="46" sc="9" el="46" ec="10" bec="0" bev="0" fileid="11" />
            </Method>
          </Methods>
        </Class>
        <Class>
          <Summary numSequencePoints="50" visitedSequencePoints="0" numBranchPoints="34" visitedBranchPoints="0" sequenceCoverage="0" branchCoverage="0" maxCyclomaticComplexity="17" minCyclomaticComplexity="1" maxCrapScore="306" minCrapScore="2" visitedClasses="0" numClasses="1" visitedMethods="0" numMethods="2" />
          <FullName>ControleDeTarefas.Program</FullName>
          <Methods>
            <Method visited="false" cyclomaticComplexity="17" nPathComplexity="65536" sequenceCoverage="0" branchCoverage="0" crapScore="306" isConstructor="false" isStatic="true" isGetter="false" isSetter="false">
              <Summary numSequencePoints="49" visitedSequencePoints="0" numBranchPoints="33" visitedBranchPoints="0" sequenceCoverage="0" branchCoverage="0" maxCyclomaticComplexity="17" minCyclomaticComplexity="17" maxCrapScore="306" minCrapScore="306" visitedClasses="0" numClasses="0" visitedMethods="0" numMethods="1" />
              <MetadataToken>100663321</MetadataToken>
              <Name>System.Void ControleDeTarefas.Program::Main(System.String[])</Name>
              <FileRef uid="12" />
              <SequencePoints>
                <SequencePoint vc="0" uspid="208" ordinal="0" offset="0" sl="14" sc="9" el="14" ec="10" bec="0" bev="0" fileid="12" />
                <SequencePoint vc="0" uspid="209" ordinal="1" offset="6" sl="16" sc="13" el="16" ec="14" bec="0" bev="0" fileid="12" />
                <SequencePoint vc="0" uspid="210" ordinal="2" offset="7" sl="17" sc="17" el="17" ec="70" bec="0" bev="0" fileid="12" />
                <SequencePoint vc="0" uspid="211" ordinal="3" offset="18" sl="19" sc="17" el="19" ec="45" bec="2" bev="0" fileid="12" />
                <SequencePoint vc="0" uspid="212" ordinal="4" offset="26" sl="20" sc="21" el="20" ec="27" bec="0" bev="0" fileid="12" />
                <SequencePoint vc="0" uspid="213" ordinal="5" offset="31" sl="22" sc="17" el="22" ec="33" bec="0" bev="0" fileid="12" />
                <SequencePoint vc="0" uspid="214" ordinal="6" offset="37" sl="24" sc="17" el="24" ec="49" bec="2" bev="0" fileid="12" />
                <SequencePoint vc="0" uspid="215" ordinal="7" offset="45" sl="25" sc="21" el="25" ec="63" bec="0" bev="0" fileid="12" />
                <SequencePoint vc="0" uspid="216" ordinal="8" offset="57" sl="25" sc="64" el="25" ec="84" bec="0" bev="0" fileid="12" />
                <SequencePoint vc="0" uspid="217" ordinal="9" offset="63" sl="27" sc="17" el="27" ec="61" bec="0" bev="0" fileid="12" />
                <SequencePoint vc="0" uspid="218" ordinal="10" offset="70" sl="29" sc="17" el="29" ec="75" bec="2" bev="0" fileid="12" />
                <SequencePoint vc="0" uspid="219" ordinal="11" offset="88" sl="30" sc="21" el="30" ec="30" bec="0" bev="0" fileid="12" />
                <SequencePoint vc="0" uspid="220" ordinal="12" offset="93" sl="32" sc="17" el="32" ec="51" bec="2" bev="0" fileid="12" />
                <SequencePoint vc="0" uspid="221" ordinal="13" offset="111" sl="33" sc="17" el="33" ec="18" bec="0" bev="0" fileid="12" />
                <SequencePoint vc="0" uspid="222" ordinal="14" offset="112" sl="34" sc="21" el="34" ec="69" bec="0" bev="0" fileid="12" />
                <SequencePoint vc="0" uspid="223" ordinal="15" offset="120" sl="36" sc="21" el="36" ec="38" bec="2" bev="0" fileid="12" />
                <SequencePoint vc="0" uspid="224" ordinal="16" offset="137" sl="37" sc="25" el="37" ec="52" bec="0" bev="0" fileid="12" />
                <SequencePoint vc="0" uspid="225" ordinal="17" offset="147" sl="39" sc="26" el="39" ec="43" bec="2" bev="0" fileid="12" />
                <SequencePoint vc="0" uspid="226" ordinal="18" offset="164" sl="40" sc="25" el="40" ec="49" bec="0" bev="0" fileid="12" />
                <SequencePoint vc="0" uspid="227" ordinal="19" offset="174" sl="42" sc="26" el="42" ec="43" bec="2" bev="0" fileid="12" />
                <SequencePoint vc="0" uspid="228" ordinal="20" offset="191" sl="43" sc="21" el="43" ec="22" bec="0" bev="0" fileid="12" />
                <SequencePoint vc="0" uspid="229" ordinal="21" offset="192" sl="44" sc="25" el="44" ec="114" bec="0" bev="0" fileid="12" />
                <SequencePoint vc="0" uspid="230" ordinal="22" offset="202" sl="45" sc="25" el="45" ec="42" bec="2" bev="0" fileid="12" />
                <SequencePoint vc="0" uspid="231" ordinal="23" offset="210" sl="46" sc="29" el="46" ec="48" bec="0" bev="0" fileid="12" />
                <SequencePoint vc="0" uspid="232" ordinal="24" offset="216" sl="47" sc="21" el="47" ec="22" bec="0" bev="0" fileid="12" />
                <SequencePoint vc="0" uspid="233" ordinal="25" offset="219" sl="49" sc="26" el="49" ec="43" bec="2" bev="0" fileid="12" />
                <SequencePoint vc="0" uspid="234" ordinal="26" offset="236" sl="50" sc="25" el="50" ec="47" bec="0" bev="0" fileid="12" />
                <SequencePoint vc="0" uspid="235" ordinal="27" offset="246" sl="52" sc="26" el="52" ec="43" bec="2" bev="0" fileid="12" />
                <SequencePoint vc="0" uspid="236" ordinal="28" offset="263" sl="53" sc="25" el="53" ec="48" bec="0" bev="0" fileid="12" />
                <SequencePoint vc="0" uspid="237" ordinal="29" offset="271" sl="54" sc="17" el="54" ec="18" bec="0" bev="0" fileid="12" />
                <SequencePoint vc="0" uspid="238" ordinal="30" offset="277" sl="55" sc="22" el="55" ec="58" bec="2" bev="0" fileid="12" />
                <SequencePoint vc="0" uspid="239" ordinal="31" offset="295" sl="56" sc="17" el="56" ec="18" bec="0" bev="0" fileid="12" />
                <SequencePoint vc="0" uspid="240" ordinal="32" offset="296" sl="57" sc="21" el="57" ec="71" bec="0" bev="0" fileid="12" />
                <SequencePoint vc="0" uspid="241" ordinal="33" offset="304" sl="59" sc="21" el="59" ec="38" bec="2" bev="0" fileid="12" />
                <SequencePoint vc="0" uspid="242" ordinal="34" offset="321" sl="60" sc="25" el="60" ec="52" bec="0" bev="0" fileid="12" />
                <SequencePoint vc="0" uspid="243" ordinal="35" offset="331" sl="62" sc="26" el="62" ec="43" bec="2" bev="0" fileid="12" />
                <SequencePoint vc="0" uspid="244" ordinal="36" offset="348" sl="63" sc="21" el="63" ec="22" bec="0" bev="0" fileid="12" />
                <SequencePoint vc="0" uspid="245" ordinal="37" offset="349" sl="64" sc="25" el="64" ec="105" bec="0" bev="0" fileid="12" />
                <SequencePoint vc="0" uspid="246" ordinal="38" offset="359" sl="65" sc="25" el="65" ec="42" bec="2" bev="0" fileid="12" />
                <SequencePoint vc="0" uspid="247" ordinal="39" offset="367" sl="66" sc="29" el="66" ec="48" bec="0" bev="0" fileid="12" />
                <SequencePoint vc="0" uspid="248" ordinal="40" offset="373" sl="67" sc="21" el="67" ec="22" bec="0" bev="0" fileid="12" />
                <SequencePoint vc="0" uspid="249" ordinal="41" offset="376" sl="69" sc="26" el="69" ec="43" bec="2" bev="0" fileid="12" />
                <SequencePoint vc="0" uspid="250" ordinal="42" offset="393" sl="70" sc="25" el="70" ec="47" bec="0" bev="0" fileid="12" />
                <SequencePoint vc="0" uspid="251" ordinal="43" offset="403" sl="72" sc="26" el="72" ec="43" bec="2" bev="0" fileid="12" />
                <SequencePoint vc="0" uspid="252" ordinal="44" offset="420" sl="73" sc="25" el="73" ec="48" bec="0" bev="0" fileid="12" />
                <SequencePoint vc="0" uspid="253" ordinal="45" offset="428" sl="74" sc="17" el="74" ec="18" bec="0" bev="0" fileid="12" />
                <SequencePoint vc="0" uspid="254" ordinal="46" offset="429" sl="75" sc="13" el="75" ec="14" bec="0" bev="0" fileid="12" />
                <SequencePoint vc="0" uspid="255" ordinal="47" offset="430" sl="15" sc="13" el="15" ec="25" bec="0" bev="0" fileid="12" />
                <SequencePoint vc="0" uspid="256" ordinal="48" offset="438" sl="76" sc="9" el="76" ec="10" bec="0" bev="0" fileid="12" />
              </SequencePoints>
              <BranchPoints>
                <BranchPoint vc="0" uspid="257" ordinal="0" offset="24" sl="19" path="0" offsetchain="26" offsetend="438" fileid="12" />
                <BranchPoint vc="0" uspid="258" ordinal="1" offset="24" sl="19" path="1" offsetend="31" fileid="12" />
                <BranchPoint vc="0" uspid="259" ordinal="2" offset="43" sl="24" path="0" offsetend="45" fileid="12" />
                <BranchPoint vc="0" uspid="260" ordinal="3" offset="43" sl="24" path="1" offsetend="57" fileid="12" />
                <BranchPoint vc="0" uspid="261" ordinal="4" offset="86" sl="29" path="0" offsetchain="88" offsetend="430" fileid="12" />
                <BranchPoint vc="0" uspid="262" ordinal="5" offset="86" sl="29" path="1" offsetend="93" fileid="12" />
                <BranchPoint vc="0" uspid="263" ordinal="6" offset="106" sl="32" path="0" offsetend="111" fileid="12" />
                <BranchPoint vc="0" uspid="264" ordinal="7" offset="106" sl="32" path="1" offsetend="277" fileid="12" />
                <BranchPoint vc="0" uspid="265" ordinal="8" offset="135" sl="36" path="0" offsetend="137" fileid="12" />
                <BranchPoint vc="0" uspid="266" ordinal="9" offset="135" sl="36" path="1" offsetend="147" fileid="12" />
                <BranchPoint vc="0" uspid="267" ordinal="10" offset="162" sl="39" path="0" offsetend="164" fileid="12" />
                <BranchPoint vc="0" uspid="268" ordinal="11" offset="162" sl="39" path="1" offsetend="174" fileid="12" />
                <BranchPoint vc="0" uspid="269" ordinal="12" offset="189" sl="42" path="0" offsetend="191" fileid="12" />
                <BranchPoint vc="0" uspid="270" ordinal="13" offset="189" sl="42" path="1" offsetend="219" fileid="12" />
                <BranchPoint vc="0" uspid="271" ordinal="14" offset="208" sl="45" path="0" offsetend="210" fileid="12" />
                <BranchPoint vc="0" uspid="272" ordinal="15" offset="208" sl="45" path="1" offsetend="216" fileid="12" />
                <BranchPoint vc="0" uspid="273" ordinal="16" offset="234" sl="49" path="0" offsetend="236" fileid="12" />
                <BranchPoint vc="0" uspid="274" ordinal="17" offset="234" sl="49" path="1" offsetend="246" fileid="12" />
                <BranchPoint vc="0" uspid="275" ordinal="18" offset="261" sl="52" path="0" offsetend="263" fileid="12" />
                <BranchPoint vc="0" uspid="276" ordinal="19" offset="261" sl="52" path="1" offsetend="271" fileid="12" />
                <BranchPoint vc="0" uspid="277" ordinal="20" offset="290" sl="55" path="0" offsetend="295" fileid="12" />
                <BranchPoint vc="0" uspid="278" ordinal="21" offset="290" sl="55" path="1" offsetend="429" fileid="12" />
                <BranchPoint vc="0" uspid="279" ordinal="22" offset="319" sl="59" path="0" offsetend="321" fileid="12" />
                <BranchPoint vc="0" uspid="280" ordinal="23" offset="319" sl="59" path="1" offsetend="331" fileid="12" />
                <BranchPoint vc="0" uspid="281" ordinal="24" offset="346" sl="62" path="0" offsetend="348" fileid="12" />
                <BranchPoint vc="0" uspid="282" ordinal="25" offset="346" sl="62" path="1" offsetend="376" fileid="12" />
                <BranchPoint vc="0" uspid="283" ordinal="26" offset="365" sl="65" path="0" offsetend="367" fileid="12" />
                <BranchPoint vc="0" uspid="284" ordinal="27" offset="365" sl="65" path="1" offsetend="373" fileid="12" />
                <BranchPoint vc="0" uspid="285" ordinal="28" offset="391" sl="69" path="0" offsetend="393" fileid="12" />
                <BranchPoint vc="0" uspid="286" ordinal="29" offset="391" sl="69" path="1" offsetend="403" fileid="12" />
                <BranchPoint vc="0" uspid="287" ordinal="30" offset="418" sl="72" path="0" offsetend="420" fileid="12" />
                <BranchPoint vc="0" uspid="288" ordinal="31" offset="418" sl="72" path="1" offsetend="428" fileid="12" />
              </BranchPoints>
              <MethodPoint xsi:type="SequencePoint" vc="0" uspid="208" ordinal="0" offset="0" sl="14" sc="9" el="14" ec="10" bec="0" bev="0" fileid="12" />
            </Method>
            <Method visited="false" cyclomaticComplexity="1" nPathComplexity="0" sequenceCoverage="0" branchCoverage="0" crapScore="2" isConstructor="true" isStatic="false" isGetter="false" isSetter="false">
              <Summary numSequencePoints="0" visitedSequencePoints="0" numBranchPoints="0" visitedBranchPoints="0" sequenceCoverage="0" branchCoverage="0" maxCyclomaticComplexity="1" minCyclomaticComplexity="1" maxCrapScore="2" minCrapScore="2" visitedClasses="0" numClasses="0" visitedMethods="0" numMethods="0" />
              <MetadataToken>100663322</MetadataToken>
              <Name>System.Void ControleDeTarefas.Program::.ctor()</Name>
              <SequencePoints />
              <BranchPoints />
              <MethodPoint vc="0" uspid="289" ordinal="0" offset="0" />
            </Method>
            <Method visited="false" cyclomaticComplexity="1" nPathComplexity="0" sequenceCoverage="0" branchCoverage="0" crapScore="2" isConstructor="true" isStatic="true" isGetter="false" isSetter="false">
              <Summary numSequencePoints="1" visitedSequencePoints="0" numBranchPoints="1" visitedBranchPoints="0" sequenceCoverage="0" branchCoverage="0" maxCyclomaticComplexity="1" minCyclomaticComplexity="1" maxCrapScore="2" minCrapScore="2" visitedClasses="0" numClasses="0" visitedMethods="0" numMethods="1" />
              <MetadataToken>100663323</MetadataToken>
              <Name>System.Void ControleDeTarefas.Program::.cctor()</Name>
              <FileRef uid="12" />
              <SequencePoints>
                <SequencePoint vc="0" uspid="290" ordinal="0" offset="0" sl="11" sc="9" el="11" ec="66" bec="0" bev="0" fileid="12" />
              </SequencePoints>
              <BranchPoints />
              <MethodPoint xsi:type="SequencePoint" vc="0" uspid="290" ordinal="0" offset="0" sl="11" sc="9" el="11" ec="66" bec="0" bev="0" fileid="12" />
            </Method>
          </Methods>
        </Class>
        <Class>
          <Summary numSequencePoints="34" visitedSequencePoints="0" numBranchPoints="23" visitedBranchPoints="0" sequenceCoverage="0" branchCoverage="0" maxCyclomaticComplexity="7" minCyclomaticComplexity="1" maxCrapScore="56" minCrapScore="2" visitedClasses="0" numClasses="1" visitedMethods="0" numMethods="3" />
          <FullName>ControleDeTarefas.TelaPrincipal</FullName>
          <Methods>
            <Method visited="false" cyclomaticComplexity="1" nPathComplexity="0" sequenceCoverage="0" branchCoverage="0" crapScore="2" isConstructor="true" isStatic="false" isGetter="false" isSetter="false">
              <Summary numSequencePoints="7" visitedSequencePoints="0" numBranchPoints="1" visitedBranchPoints="0" sequenceCoverage="0" branchCoverage="0" maxCyclomaticComplexity="1" minCyclomaticComplexity="1" maxCrapScore="2" minCrapScore="2" visitedClasses="0" numClasses="0" visitedMethods="0" numMethods="1" />
              <MetadataToken>100663331</MetadataToken>
              <Name>System.Void ControleDeTarefas.TelaPrincipal::.ctor()</Name>
              <FileRef uid="13" />
              <SequencePoints>
                <SequencePoint vc="0" uspid="291" ordinal="0" offset="0" sl="17" sc="34" el="17" ec="56" bec="0" bev="0" fileid="13" />
                <SequencePoint vc="0" uspid="292" ordinal="1" offset="12" sl="18" sc="9" el="18" ec="10" bec="0" bev="0" fileid="13" />
                <SequencePoint vc="0" uspid="293" ordinal="2" offset="13" sl="19" sc="13" el="19" ec="57" bec="0" bev="0" fileid="13" />
                <SequencePoint vc="0" uspid="294" ordinal="3" offset="24" sl="20" sc="13" el="20" ec="59" bec="0" bev="0" fileid="13" />
                <SequencePoint vc="0" uspid="295" ordinal="4" offset="35" sl="21" sc="13" el="21" ec="60" bec="0" bev="0" fileid="13" />
                <SequencePoint vc="0" uspid="296" ordinal="5" offset="52" sl="22" sc="13" el="22" ec="63" bec="0" bev="0" fileid="13" />
                <SequencePoint vc="0" uspid="297" ordinal="6" offset="69" sl="23" sc="9" el="23" ec="10" bec="0" bev="0" fileid="13" />
              </SequencePoints>
              <BranchPoints />
              <MethodPoint xsi:type="SequencePoint" vc="0" uspid="291" ordinal="0" offset="0" sl="17" sc="34" el="17" ec="56" bec="0" bev="0" fileid="13" />
            </Method>
            <Method visited="false" cyclomaticComplexity="5" nPathComplexity="16" sequenceCoverage="0" branchCoverage="0" crapScore="30" isConstructor="false" isStatic="false" isGetter="false" isSetter="false">
              <Summary numSequencePoints="20" visitedSequencePoints="0" numBranchPoints="9" visitedBranchPoints="0" sequenceCoverage="0" branchCoverage="0" maxCyclomaticComplexity="5" minCyclomaticComplexity="5" maxCrapScore="30" minCrapScore="30" visitedClasses="0" numClasses="0" visitedMethods="0" numMethods="1" />
              <MetadataToken>100663332</MetadataToken>
              <Name>ControleDeTarefas.TelaBase ControleDeTarefas.TelaPrincipal::ObterTela()</Name>
              <FileRef uid="13" />
              <SequencePoints>
                <SequencePoint vc="0" uspid="298" ordinal="0" offset="0" sl="26" sc="9" el="26" ec="10" bec="0" bev="0" fileid="13" />
                <SequencePoint vc="0" uspid="299" ordinal="1" offset="1" sl="27" sc="13" el="27" ec="51" bec="0" bev="0" fileid="13" />
                <SequencePoint vc="0" uspid="300" ordinal="2" offset="13" sl="29" sc="13" el="29" ec="45" bec="0" bev="0" fileid="13" />
                <SequencePoint vc="0" uspid="301" ordinal="3" offset="15" sl="32" sc="13" el="32" ec="14" bec="0" bev="0" fileid="13" />
                <SequencePoint vc="0" uspid="302" ordinal="4" offset="16" sl="33" sc="17" el="33" ec="74" bec="0" bev="0" fileid="13" />
                <SequencePoint vc="0" uspid="303" ordinal="5" offset="27" sl="34" sc="17" el="34" ec="75" bec="0" bev="0" fileid="13" />
                <SequencePoint vc="0" uspid="304" ordinal="6" offset="38" sl="36" sc="17" el="36" ec="57" bec="0" bev="0" fileid="13" />
                <SequencePoint vc="0" uspid="305" ordinal="7" offset="49" sl="37" sc="17" el="37" ec="37" bec="0" bev="0" fileid="13" />
                <SequencePoint vc="0" uspid="306" ordinal="8" offset="55" sl="38" sc="17" el="38" ec="42" bec="0" bev="0" fileid="13" />
                <SequencePoint vc="0" uspid="307" ordinal="9" offset="66" sl="39" sc="17" el="39" ec="44" bec="0" bev="0" fileid="13" />
                <SequencePoint vc="0" uspid="308" ordinal="10" offset="72" sl="41" sc="17" el="41" ec="34" bec="2" bev="0" fileid="13" />
                <SequencePoint vc="0" uspid="309" ordinal="11" offset="87" sl="42" sc="21" el="42" ec="50" bec="0" bev="0" fileid="13" />
                <SequencePoint vc="0" uspid="310" ordinal="12" offset="94" sl="44" sc="17" el="44" ec="34" bec="2" bev="0" fileid="13" />
                <SequencePoint vc="0" uspid="311" ordinal="13" offset="109" sl="45" sc="21" el="45" ec="51" bec="0" bev="0" fileid="13" />
                <SequencePoint vc="0" uspid="312" ordinal="14" offset="118" sl="47" sc="22" el="47" ec="80" bec="2" bev="0" fileid="13" />
                <SequencePoint vc="0" uspid="313" ordinal="15" offset="136" sl="48" sc="21" el="48" ec="44" bec="0" bev="0" fileid="13" />
                <SequencePoint vc="0" uspid="314" ordinal="16" offset="138" sl="50" sc="13" el="50" ec="14" bec="0" bev="0" fileid="13" />
                <SequencePoint vc="0" uspid="315" ordinal="17" offset="139" sl="50" sc="15" el="50" ec="44" bec="2" bev="0" fileid="13" />
                <SequencePoint vc="0" uspid="316" ordinal="18" offset="155" sl="52" sc="13" el="52" ec="36" bec="0" bev="0" fileid="13" />
                <SequencePoint vc="0" uspid="317" ordinal="19" offset="160" sl="53" sc="9" el="53" ec="10" bec="0" bev="0" fileid="13" />
              </SequencePoints>
              <BranchPoints>
[...]
                <BranchPoint vc="1" uspid="702" ordinal="3" offset="49" sl="30" path="1" offsetend="63" fileid="18" />
                <BranchPoint vc="1" uspid="703" ordinal="4" offset="80" sl="33" path="0" offsetend="82" fileid="18" />
                <BranchPoint vc="3" uspid="704" ordinal="5" offset="80" sl="33" path="1" offsetend="94" fileid="18" />
                <BranchPoint vc="1" uspid="705" ordinal="6" offset="111" sl="36" path="0" offsetend="113" fileid="18" />
                <BranchPoint vc="3" uspid="706" ordinal="7" offset="111" sl="36" path="1" offsetend="125" fileid="18" />
                <BranchPoint vc="1" uspid="707" ordinal="8" offset="135" sl="39" path="0" offsetend="137" fileid="18" />
                <BranchPoint vc="3" uspid="708" ordinal="9" offset="135" sl="39" path="1" offsetend="143" fileid="18" />
              </BranchPoints>
              <MethodPoint xsi:type="SequencePoint" vc="4" uspid="687" ordinal="0" offset="0" sl="27" sc="9" el="27" ec="10" bec="0" bev="0" fileid="18" />
            </Method>
          </Methods>
        </Class>
        <Class>
          <Summary numSequencePoints="85" visitedSequencePoints="0" numBranchPoints="9" visitedBranchPoints="0" sequenceCoverage="0" branchCoverage="0" maxCyclomaticComplexity="2" minCyclomaticComplexity="1" maxCrapScore="6" minCrapScore="2" visitedClasses="0" numClasses="1" visitedMethods="0" numMethods="5" />
          <FullName>ControleDeTarefas.Controladores.ControladorContato</FullName>
          <Methods>
            <Method visited="false" cyclomaticComplexity="1" nPathComplexity="0" sequenceCoverage="0" branchCoverage="0" crapScore="2" isConstructor="false" isStatic="false" isGetter="false" isSetter="false">
              <Summary numSequencePoints="15" visitedSequencePoints="0" numBranchPoints="1" visitedBranchPoints="0" sequenceCoverage="0" branchCoverage="0" maxCyclomaticComplexity="1" minCyclomaticComplexity="1" maxCrapScore="2" minCrapScore="2" visitedClasses="0" numClasses="0" visitedMethods="0" numMethods="1" />
              <MetadataToken>100663359</MetadataToken>
              <Name>System.Void ControleDeTarefas.Controladores.ControladorContato::EditarRegistro(System.Int32,ControleDeTarefas.Domínio.Contato)</Name>
              <FileRef uid="19" />
              <SequencePoints>
                <SequencePoint vc="0" uspid="709" ordinal="0" offset="0" sl="14" sc="9" el="14" ec="10" bec="0" bev="0" fileid="19" />
                <SequencePoint vc="0" uspid="710" ordinal="1" offset="1" sl="15" sc="13" el="15" ec="73" bec="0" bev="0" fileid="19" />
                <SequencePoint vc="0" uspid="711" ordinal="2" offset="7" sl="17" sc="13" el="17" ec="62" bec="0" bev="0" fileid="19" />
                <SequencePoint vc="0" uspid="712" ordinal="3" offset="13" sl="18" sc="13" el="18" ec="61" bec="0" bev="0" fileid="19" />
                <SequencePoint vc="0" uspid="713" ordinal="4" offset="21" sl="20" sc="13" el="29" ec="31" bec="0" bev="0" fileid="19" />
                <SequencePoint vc="0" uspid="714" ordinal="5" offset="27" sl="31" sc="13" el="31" ec="61" bec="0" bev="0" fileid="19" />
                <SequencePoint vc="0" uspid="715" ordinal="6" offset="35" sl="33" sc="13" el="33" ec="77" bec="0" bev="0" fileid="19" />
                <SequencePoint vc="0" uspid="716" ordinal="7" offset="58" sl="34" sc="13" el="34" ec="78" bec="0" bev="0" fileid="19" />
                <SequencePoint vc="0" uspid="717" ordinal="8" offset="81" sl="35" sc="13" el="35" ec="80" bec="0" bev="0" fileid="19" />
                <SequencePoint vc="0" uspid="718" ordinal="9" offset="104" sl="36" sc="13" el="36" ec="86" bec="0" bev="0" fileid="19" />
                <SequencePoint vc="0" uspid="719" ordinal="10" offset="127" sl="37" sc="13" el="37" ec="84" bec="0" bev="0" fileid="19" />
                <SequencePoint vc="0" uspid="720" ordinal="11" offset="150" sl="38" sc="13" el="38" ec="80" bec="0" bev="0" fileid="19" />
                <SequencePoint vc="0" uspid="721" ordinal="12" offset="173" sl="40" sc="13" el="40" ec="50" bec="0" bev="0" fileid="19" />
                <SequencePoint vc="0" uspid="722" ordinal="13" offset="180" sl="42" sc="13" el="42" ec="37" bec="0" bev="0" fileid="19" />
                <SequencePoint vc="0" uspid="723" ordinal="14" offset="187" sl="43" sc="9" el="43" ec="10" bec="0" bev="0" fileid="19" />
              </SequencePoints>
              <BranchPoints />
              <MethodPoint xsi:type="SequencePoint" vc="0" uspid="709" ordinal="0" offset="0" sl="14" sc="9" el="14" ec="10" bec="0" bev="0" fileid="19" />
            </Method>
            <Method visited="false" cyclomaticComplexity="1" nPathComplexity="0" sequenceCoverage="0" branchCoverage="0" crapScore="2" isConstructor="false" isStatic="false" isGetter="false" isSetter="false">
              <Summary numSequencePoints="10" visitedSequencePoints="0" numBranchPoints="1" visitedBranchPoints="0" sequenceCoverage="0" branchCoverage="0" maxCyclomaticComplexity="1" minCyclomaticComplexity="1" maxCrapScore="2" minCrapScore="2" visitedClasses="0" numClasses="0" visitedMethods="0" numMethods="1" />
              <MetadataToken>100663360</MetadataToken>
              <Name>System.Void ControleDeTarefas.Controladores.ControladorContato::ExcluirRegistro(ControleDeTarefas.Domínio.Contato)</Name>
              <FileRef uid="19" />
              <SequencePoints>
                <SequencePoint vc="0" uspid="724" ordinal="0" offset="0" sl="46" sc="9" el="46" ec="10" bec="0" bev="0" fileid="19" />
                <SequencePoint vc="0" uspid="725" ordinal="1" offset="1" sl="47" sc="13" el="47" ec="73" bec="0" bev="0" fileid="19" />
                <SequencePoint vc="0" uspid="726" ordinal="2" offset="7" sl="49" sc="13" el="49" ec="59" bec="0" bev="0" fileid="19" />
                <SequencePoint vc="0" uspid="727" ordinal="3" offset="13" sl="50" sc="13" el="50" ec="58" bec="0" bev="0" fileid="19" />
                <SequencePoint vc="0" uspid="728" ordinal="4" offset="21" sl="52" sc="13" el="55" ec="31" bec="0" bev="0" fileid="19" />
                <SequencePoint vc="0" uspid="729" ordinal="5" offset="27" sl="57" sc="13" el="57" ec="55" bec="0" bev="0" fileid="19" />
                <SequencePoint vc="0" uspid="730" ordinal="6" offset="35" sl="59" sc="13" el="59" ec="71" bec="0" bev="0" fileid="19" />
                <SequencePoint vc="0" uspid="731" ordinal="7" offset="63" sl="61" sc="13" el="61" ec="47" bec="0" bev="0" fileid="19" />
                <SequencePoint vc="0" uspid="732" ordinal="8" offset="70" sl="63" sc="13" el="63" ec="37" bec="0" bev="0" fileid="19" />
                <SequencePoint vc="0" uspid="733" ordinal="9" offset="77" sl="64" sc="9" el="64" ec="10" bec="0" bev="0" fileid="19" />
              </SequencePoints>
              <BranchPoints />
              <MethodPoint xsi:type="SequencePoint" vc="0" uspid="724" ordinal="0" offset="0" sl="46" sc="9" el="46" ec="10" bec="0" bev="0" fileid="19" />
            </Method>
            <Method visited="false" cyclomaticComplexity="1" nPathComplexity="0" sequenceCoverage="0" branchCoverage="0" crapScore="2" isConstructor="false" isStatic="false" isGetter="false" isSetter="false">
              <Summary numSequencePoints="16" visitedSequencePoints="0" numBranchPoints="1" visitedBranchPoints="0" sequenceCoverage="0" branchCoverage="0" maxCyclomaticComplexity="1" minCyclomaticComplexity="1" maxCrapScore="2" minCrapScore="2" visitedClasses="0" numClasses="0" visitedMethods="0" numMethods="1" />
              <MetadataToken>100663361</MetadataToken>
              <Name>System.Void ControleDeTarefas.Controladores.ControladorContato::InserirNovo(ControleDeTarefas.Domínio.Contato)</Name>
              <FileRef uid="19" />
              <SequencePoints>
                <SequencePoint vc="0" uspid="734" ordinal="0" offset="0" sl="67" sc="9" el="67" ec="10" bec="0" bev="0" fileid="19" />
                <SequencePoint vc="0" uspid="735" ordinal="1" offset="1" sl="68" sc="13" el="68" ec="73" bec="0" bev="0" fileid="19" />
                <SequencePoint vc="0" uspid="736" ordinal="2" offset="7" sl="70" sc="13" el="70" ec="59" bec="0" bev="0" fileid="19" />
                <SequencePoint vc="0" uspid="737" ordinal="3" offset="13" sl="71" sc="13" el="71" ec="58" bec="0" bev="0" fileid="19" />
                <SequencePoint vc="0" uspid="738" ordinal="4" offset="21" sl="73" sc="13" el="89" ec="24" bec="0" bev="0" fileid="19" />
                <SequencePoint vc="0" uspid="739" ordinal="5" offset="27" sl="91" sc="13" el="92" ec="45" bec="0" bev="0" fileid="19" />
                <SequencePoint vc="0" uspid="740" ordinal="6" offset="39" sl="94" sc="13" el="94" ec="55" bec="0" bev="0" fileid="19" />
                <SequencePoint vc="0" uspid="741" ordinal="7" offset="47" sl="96" sc="13" el="96" ec="75" bec="0" bev="0" fileid="19" />
                <SequencePoint vc="0" uspid="742" ordinal="8" offset="70" sl="97" sc="13" el="97" ec="77" bec="0" bev="0" fileid="19" />
                <SequencePoint vc="0" uspid="743" ordinal="9" offset="93" sl="98" sc="13" el="98" ec="83" bec="0" bev="0" fileid="19" />
                <SequencePoint vc="0" uspid="744" ordinal="10" offset="116" sl="99" sc="13" el="99" ec="81" bec="0" bev="0" fileid="19" />
                <SequencePoint vc="0" uspid="745" ordinal="11" offset="139" sl="100" sc="13" el="100" ec="77" bec="0" bev="0" fileid="19" />
                <SequencePoint vc="0" uspid="746" ordinal="12" offset="162" sl="102" sc="13" el="102" ec="57" bec="0" bev="0" fileid="19" />
                <SequencePoint vc="0" uspid="747" ordinal="13" offset="169" sl="104" sc="13" el="104" ec="46" bec="0" bev="0" fileid="19" />
                <SequencePoint vc="0" uspid="748" ordinal="14" offset="181" sl="106" sc="13" el="106" ec="37" bec="0" bev="0" fileid="19" />
                <SequencePoint vc="0" uspid="749" ordinal="15" offset="188" sl="107" sc="9" el="107" ec="10" bec="0" bev="0" fileid="19" />
              </SequencePoints>
              <BranchPoints />
              <MethodPoint xsi:type="SequencePoint" vc="0" uspid="734" ordinal="0" offset="0" sl="67" sc="9" el="67" ec="10" bec="0" bev="0" fileid="19" />
            </Method>
            <Method visited="false" cyclomaticComplexity="2" nPathComplexity="2" sequenceCoverage="0" branchCoverage="0" crapScore="6" isConstructor="false" isStatic="false" isGetter="false" isSetter="false">
              <Summary numSequencePoints="21" visitedSequencePoints="0" numBranchPoints="3" visitedBranchPoints="0" sequenceCoverage="0" branchCoverage="0" maxCyclomaticComplexity="2" minCyclomaticComplexity="2" maxCrapScore="6" minCrapScore="6" visitedClasses="0" numClasses="0" visitedMethods="0" numMethods="1" />
              <MetadataToken>100663362</MetadataToken>
              <Name>ControleDeTarefas.Domínio.Contato ControleDeTarefas.Controladores.ControladorContato::SelecionarRegistroPorId(System.Int32)</Name>
              <FileRef uid="19" />
              <SequencePoints>
                <SequencePoint vc="0" uspid="750" ordinal="0" offset="0" sl="110" sc="9" el="110" ec="10" bec="0" bev="0" fileid="19" />
                <SequencePoint vc="0" uspid="751" ordinal="1" offset="1" sl="111" sc="13" el="111" ec="73" bec="0" bev="0" fileid="19" />
                <SequencePoint vc="0" uspid="752" ordinal="2" offset="7" sl="113" sc="13" el="113" ec="58" bec="0" bev="0" fileid="19" />
                <SequencePoint vc="0" uspid="753" ordinal="3" offset="13" sl="114" sc="13" el="114" ec="57" bec="0" bev="0" fileid="19" />
                <SequencePoint vc="0" uspid="754" ordinal="4" offset="21" sl="116" sc="13" el="127" ec="35" bec="0" bev="0" fileid="19" />
                <SequencePoint vc="0" uspid="755" ordinal="5" offset="27" sl="129" sc="13" el="129" ec="53" bec="0" bev="0" fileid="19" />
                <SequencePoint vc="0" uspid="756" ordinal="6" offset="35" sl="130" sc="13" el="130" ec="62" bec="0" bev="0" fileid="19" />
                <SequencePoint vc="0" uspid="757" ordinal="7" offset="58" sl="132" sc="13" el="132" ec="75" bec="0" bev="0" fileid="19" />
                <SequencePoint vc="0" uspid="758" ordinal="8" offset="65" sl="134" sc="13" el="134" ec="47" bec="2" bev="0" fileid="19" />
                <SequencePoint vc="0" uspid="759" ordinal="9" offset="79" sl="135" sc="17" el="135" ec="29" bec="0" bev="0" fileid="19" />
                <SequencePoint vc="0" uspid="760" ordinal="10" offset="87" sl="137" sc="13" el="137" ec="67" bec="0" bev="0" fileid="19" />
                <SequencePoint vc="0" uspid="761" ordinal="11" offset="105" sl="138" sc="13" el="138" ec="68" bec="0" bev="0" fileid="19" />
                <SequencePoint vc="0" uspid="762" ordinal="12" offset="123" sl="139" sc="13" el="139" ec="70" bec="0" bev="0" fileid="19" />
                <SequencePoint vc="0" uspid="763" ordinal="13" offset="141" sl="140" sc="13" el="140" ec="76" bec="0" bev="0" fileid="19" />
                <SequencePoint vc="0" uspid="764" ordinal="14" offset="159" sl="141" sc="13" el="141" ec="74" bec="0" bev="0" fileid="19" />
                <SequencePoint vc="0" uspid="765" ordinal="15" offset="177" sl="142" sc="13" el="142" ec="70" bec="0" bev="0" fileid="19" />
                <SequencePoint vc="0" uspid="766" ordinal="16" offset="195" sl="144" sc="13" el="144" ec="82" bec="0" bev="0" fileid="19" />
                <SequencePoint vc="0" uspid="767" ordinal="17" offset="212" sl="145" sc="13" el="145" ec="36" bec="0" bev="0" fileid="19" />
                <SequencePoint vc="0" uspid="768" ordinal="18" offset="221" sl="147" sc="13" el="147" ec="37" bec="0" bev="0" fileid="19" />
                <SequencePoint vc="0" uspid="769" ordinal="19" offset="228" sl="148" sc="13" el="148" ec="28" bec="0" bev="0" fileid="19" />
                <SequencePoint vc="0" uspid="770" ordinal="20" offset="234" sl="149" sc="9" el="149" ec="10" bec="0" bev="0" fileid="19" />
              </SequencePoints>
              <BranchPoints>
                <BranchPoint vc="0" uspid="771" ordinal="0" offset="77" sl="134" path="0" offsetend="79" fileid="19" />
                <BranchPoint vc="0" uspid="772" ordinal="1" offset="77" sl="134" path="1" offsetend="87" fileid="19" />
              </BranchPoints>
              <MethodPoint xsi:type="SequencePoint" vc="0" uspid="750" ordinal="0" offset="0" sl="110" sc="9" el="110" ec="10" bec="0" bev="0" fileid="19" />
            </Method>
            <Method visited="false" cyclomaticComplexity="2" nPathComplexity="2" sequenceCoverage="0" branchCoverage="0" crapScore="6" isConstructor="false" isStatic="false" isGetter="false" isSetter="false">
              <Summary numSequencePoints="23" visitedSequencePoints="0" numBranchPoints="3" visitedBranchPoints="0" sequenceCoverage="0" branchCoverage="0" maxCyclomaticComplexity="2" minCyclomaticComplexity="2" maxCrapScore="6" minCrapScore="6" visitedClasses="0" numClasses="0" visitedMethods="0" numMethods="1" />
              <MetadataToken>100663363</MetadataToken>
              <Name>System.Collections.Generic.List`1&lt;ControleDeTarefas.Domínio.Contato&gt; ControleDeTarefas.Controladores.ControladorContato::SelecionarTodosContatos()</Name>
              <FileRef uid="19" />
              <SequencePoints>
                <SequencePoint vc="0" uspid="773" ordinal="0" offset="0" sl="152" sc="9" el="152" ec="10" bec="0" bev="0" fileid="19" />
                <SequencePoint vc="0" uspid="774" ordinal="1" offset="1" sl="153" sc="13" el="153" ec="73" bec="0" bev="0" fileid="19" />
                <SequencePoint vc="0" uspid="775" ordinal="2" offset="7" sl="155" sc="13" el="155" ec="58" bec="0" bev="0" fileid="19" />
                <SequencePoint vc="0" uspid="776" ordinal="3" offset="13" sl="156" sc="13" el="156" ec="57" bec="0" bev="0" fileid="19" />
                <SequencePoint vc="0" uspid="777" ordinal="4" offset="21" sl="158" sc="13" el="168" ec="39" bec="0" bev="0" fileid="19" />
                <SequencePoint vc="0" uspid="778" ordinal="5" offset="27" sl="170" sc="13" el="170" ec="53" bec="0" bev="0" fileid="19" />
                <SequencePoint vc="0" uspid="779" ordinal="6" offset="35" sl="172" sc="13" el="172" ec="75" bec="0" bev="0" fileid="19" />
                <SequencePoint vc="0" uspid="780" ordinal="7" offset="42" sl="174" sc="13" el="174" ec="58" bec="0" bev="0" fileid="19" />
                <SequencePoint vc="0" uspid="781" ordinal="8" offset="54" sl="177" sc="13" el="177" ec="14" bec="0" bev="0" fileid="19" />
                <SequencePoint vc="0" uspid="782" ordinal="9" offset="55" sl="178" sc="17" el="178" ec="71" bec="0" bev="0" fileid="19" />
                <SequencePoint vc="0" uspid="783" ordinal="10" offset="73" sl="179" sc="17" el="179" ec="72" bec="0" bev="0" fileid="19" />
                <SequencePoint vc="0" uspid="784" ordinal="11" offset="91" sl="180" sc="17" el="180" ec="74" bec="0" bev="0" fileid="19" />
                <SequencePoint vc="0" uspid="785" ordinal="12" offset="109" sl="181" sc="17" el="181" ec="80" bec="0" bev="0" fileid="19" />
                <SequencePoint vc="0" uspid="786" ordinal="13" offset="127" sl="182" sc="17" el="182" ec="78" bec="0" bev="0" fileid="19" />
                <SequencePoint vc="0" uspid="787" ordinal="14" offset="145" sl="183" sc="17" el="183" ec="74" bec="0" bev="0" fileid="19" />
                <SequencePoint vc="0" uspid="788" ordinal="15" offset="163" sl="185" sc="17" el="185" ec="80" bec="0" bev="0" fileid="19" />
                <SequencePoint vc="0" uspid="789" ordinal="16" offset="180" sl="186" sc="17" el="186" ec="34" bec="0" bev="0" fileid="19" />
                <SequencePoint vc="0" uspid="790" ordinal="17" offset="189" sl="188" sc="17" el="188" ec="33" bec="0" bev="0" fileid="19" />
                <SequencePoint vc="0" uspid="791" ordinal="18" offset="199" sl="189" sc="13" el="189" ec="14" bec="0" bev="0" fileid="19" />
                <SequencePoint vc="0" uspid="792" ordinal="19" offset="200" sl="176" sc="13" el="176" ec="42" bec="2" bev="0" fileid="19" />
                <SequencePoint vc="0" uspid="793" ordinal="20" offset="215" sl="191" sc="13" el="191" ec="37" bec="0" bev="0" fileid="19" />
                <SequencePoint vc="0" uspid="794" ordinal="21" offset="222" sl="192" sc="13" el="192" ec="29" bec="0" bev="0" fileid="19" />
                <SequencePoint vc="0" uspid="795" ordinal="22" offset="228" sl="193" sc="9" el="193" ec="10" bec="0" bev="0" fileid="19" />
              </SequencePoints>
              <BranchPoints>
                <BranchPoint vc="0" uspid="796" ordinal="0" offset="210" sl="176" path="0" offsetend="215" fileid="19" />
                <BranchPoint vc="0" uspid="797" ordinal="1" offset="210" sl="176" path="1" offsetend="54" fileid="19" />
              </BranchPoints>
              <MethodPoint xsi:type="SequencePoint" vc="0" uspid="773" ordinal="0" offset="0" sl="152" sc="9" el="152" ec="10" bec="0" bev="0" fileid="19" />
            </Method>
            <Method visited="false" cyclomaticComplexity="1" nPathComplexity="0" sequenceCoverage="0" branchCoverage="0" crapScore="2" isConstructor="true" isStatic="false" isGetter="false" isSetter="false">
              <Summary numSequencePoints="0" visitedSequencePoints="0" numBranchPoints="0" visitedBranchPoints="0" sequenceCoverage="0" branchCoverage="0" maxCyclomaticComplexity="1" minCyclomaticComplexity="1" maxCrapScore="2" minCrapScore="2" visitedClasses="0" numClasses="0" visitedMethods="0" numMethods="0" />
              <MetadataToken>100663364</MetadataToken>
              <Name>System.Void ControleDeTarefas.Controladores.ControladorContato::.ctor()</Name>
              <SequencePoints />
              <BranchPoints />
              <MethodPoint vc="0" uspid="798" ordinal="0" offset="0" />
            </Method>
          </Methods>
        </Class>
      </Classes>
    </Module>
  </Modules>
</CoverageSession>